Log file: /c/GIT PROJECTS/NovaForge/logs/build_all_20260301_124103.log

================================================
Nova Forge - Windows Build (All Targets)
================================================

Checking dependencies...
  CMake cmake version 4.2.3
  Visual Studio: Visual Studio 17 2022
  vcpkg: C:\vcpkg

Clearing CMake cache to avoid generator conflicts...

Configuration:
  Build Type:   Release
  Build Dir:    /c/GIT PROJECTS/NovaForge/build
  Output Dir:   /c/GIT PROJECTS/NovaForge/build/bin
  Run Tests:    false
  Generator:    Visual Studio 17 2022
  Architecture: x64

Configuring CMake (Release) — all targets...
-- Selecting Windows SDK version 10.0.26100.0 to target Windows 10.0.19045.
-- The C compiler identification is MSVC 19.38.33145.0
-- The CXX compiler identification is MSVC 19.38.33145.0
-- Detecting C compiler ABI info
-- Detecting C compiler ABI info - done
-- Check for working C compiler: C:/Program Files/Microsoft Visual Studio/2022/Community/VC/Tools/MSVC/14.38.33130/bin/Hostx64/x64/cl.exe - skipped
-- Detecting C compile features
-- Detecting C compile features - done
-- Detecting CXX compiler ABI info
-- Detecting CXX compiler ABI info - done
-- Check for working CXX compiler: C:/Program Files/Microsoft Visual Studio/2022/Community/VC/Tools/MSVC/14.38.33130/bin/Hostx64/x64/cl.exe - skipped
-- Detecting CXX compile features
-- Detecting CXX compile features - done
-- Adding Atlas Engine library...
-- Adding Atlas Editor...
-- Found OpenGL: opengl32
-- Performing Test CMAKE_HAVE_LIBC_PTHREAD
-- Performing Test CMAKE_HAVE_LIBC_PTHREAD - Failed
-- Looking for pthread_create in pthreads
-- Looking for pthread_create in pthreads - not found
-- Looking for pthread_create in pthread
-- Looking for pthread_create in pthread - not found
-- Found Threads: TRUE
-- AtlasEditor: using system GLEW
-- Adding Atlas Engine tests...
-- GLM found -- camera & character select tests enabled
-- Adding C++ Client to solution...
-- OpenAL found - audio support enabled
-- GLEW found - using system GLEW
-- Using system GLEW (GLAD not needed)
-- Using system nlohmann/json
-- Using bundled STB image loader
-- Using bundled tinyobjloader for .obj model loading
-- Using bundled tinygltf for .gltf/.glb model loading
-- RmlUi disabled (UI stubs only). Enable with -DUSE_RMLUI=ON
-- 7z not found - install p7zip-full (Linux) or 7-Zip (Windows) to auto-extract ship models
-- 7z not found - testing model archives will be extracted at runtime by ReferenceModelAnalyzer
-- Building test suite...
-- 
-- Atlas Client Configuration:
--   C++ Standard: 17
--   OpenGL: 
--   Use System Libraries: ON
--   Build Tests: ON
--   RmlUi Enabled: OFF
-- 
-- Adding C++ Server to solution...
-- Found ZLIB: optimized;C:/vcpkg/installed/x64-windows/lib/zlib.lib;debug;C:/vcpkg/installed/x64-windows/debug/lib/zlibd.lib (found version "1.3.1")
CMake Warning at cpp_server/CMakeLists.txt:432 (message):
  Steamworks SDK not found.  Steam integration will be disabled.


CMake Warning at cpp_server/CMakeLists.txt:433 (message):
  Download SDK from: https://partner.steamgames.com/


-- 
-- Atlas Dedicated Server Configuration:
--   C++ Standard: 17
--   Steam Integration: OFF
--   Build Tests: ON
-- 
-- 
-- Atlas Configuration:
--   C++ Standard: 17
--   Atlas Engine:  ON
--   Atlas Editor:  ON
--   Atlas Tests:   ON
--   Game Client:   ON
--   Game Server:   ON
-- 
-- After generation, open the solution file in Visual Studio:
--   build_vs/Atlas.sln
-- 
-- Configuring done (6.5s)
-- Generating done (1.1s)
-- Build files have been written to: C:/GIT PROJECTS/NovaForge/build

Building all targets (Engine, Editor, Client, Server, Tests)...
MSBuild version 17.14.40+3e7442088 for .NET Framework

  Checking File Globs
  test_deferred_rendering.vcxproj -> C:\GIT PROJECTS\NovaForge\build\bin\Release\test_deferred_rendering.exe
  test_atlas_ui.vcxproj -> C:\GIT PROJECTS\NovaForge\build\bin\Release\test_atlas_ui.exe
  test_entity_sync.vcxproj -> C:\GIT PROJECTS\NovaForge\build\bin\Release\test_entity_sync.exe
  test_asteroid_field.vcxproj -> C:\GIT PROJECTS\NovaForge\build\bin\Release\test_asteroid_field.exe
  test_audio_system.vcxproj -> C:\GIT PROJECTS\NovaForge\build\bin\Release\test_audio_system.exe
  PhysicsWorld.cpp
  test_layout_manager.vcxproj -> C:\GIT PROJECTS\NovaForge\build\bin\Release\test_layout_manager.exe
  application.cpp
  test_model_analyzer.vcxproj -> C:\GIT PROJECTS\NovaForge\build\bin\Release\test_model_analyzer.exe
  game_session.cpp
  InputManager.cpp
  Camera.cpp
  AudioEngine.cpp
  test_network.vcxproj -> C:\GIT PROJECTS\NovaForge\build\bin\Release\test_network.exe
  test_server_responses.vcxproj -> C:\GIT PROJECTS\NovaForge\build\bin\Release\test_server_responses.exe
  test_post_processing.vcxproj -> C:\GIT PROJECTS\NovaForge\build\bin\Release\test_post_processing.exe
  test_shadow_mapping.vcxproj -> C:\GIT PROJECTS\NovaForge\build\bin\Release\test_shadow_mapping.exe
  test_ship_physics.vcxproj -> C:\GIT PROJECTS\NovaForge\build\bin\Release\test_ship_physics.exe
  game_session_network.cpp
  AnimationGraph.cpp
  application_rendering.cpp
  test_systems.cpp
  AnimationNodes.cpp
  PluginSystem.cpp
  application_input.cpp
  Generating Code...
  application_entities.cpp
  AtlasEngine.vcxproj -> C:\GIT PROJECTS\NovaForge\build\engine\Release\AtlasEngine.lib
  main.cpp
  test_fleet_formation.cpp
  game_session_entities.cpp
  application_movement.cpp
  application_state.cpp
C:\GIT PROJECTS\NovaForge\editor\main.cpp(117,19): error C2660: 'atlas::editor::SceneGraphPanel::SetVisible': function does not take 1 arguments [C:\GIT PROJECTS\NovaForge\build\editor\AtlasEditor.vcxproj]
      C:\GIT PROJECTS\NovaForge\editor\tools\SceneGraphPanel.h(83,10):
      see declaration of 'atlas::editor::SceneGraphPanel::SetVisible'
      C:\GIT PROJECTS\NovaForge\editor\main.cpp(117,19):
      while trying to match the argument list '(bool)'
  
C:\GIT PROJECTS\NovaForge\editor\main.cpp(121,41): error C3481: 'layout': lambda capture variable not found [C:\GIT PROJECTS\NovaForge\build\editor\AtlasEditor.vcxproj]
C:\GIT PROJECTS\NovaForge\editor\main.cpp(121,50): error C3481: 'liveScene': lambda capture variable not found [C:\GIT PROJECTS\NovaForge\build\editor\AtlasEditor.vcxproj]
  FleetFormationPanel.cpp
  test_mission_editor.cpp
  capacitor_system.cpp
  Generating Code...
  game_session_combat.cpp
  MissionEditorPanel.cpp
  shield_recharge_system.cpp
  FleetFormationPanel.cpp
  atlas_client.vcxproj -> C:\GIT PROJECTS\NovaForge\build\bin\Release\atlas_client.exe
  	Copying shaders, assets, and UI resources next to executable	Ensuring models/ships directory exists next to executable
  game_session_utils.cpp
  Generating Code...
  weapon_system.cpp
  MissionEditorPanel.cpp
  game_session_stations.cpp
  combat_system.cpp
  Generating Code...
  game_session_movement.cpp
  targeting_system.cpp
  game_session_scanning.cpp
  AtlasTests.vcxproj -> C:\GIT PROJECTS\NovaForge\build\bin\Release\AtlasTests.exe
  movement_system.cpp
  game_session_missions.cpp
  ai_system.cpp
  movement_system.cpp
  ship_database.cpp
  wormhole_database.cpp
  npc_database.cpp
  combat_system.cpp
  wormhole_system.cpp
  ai_system.cpp
  fleet_system.cpp
  targeting_system.cpp
  mission_system.cpp
  capacitor_system.cpp
  skill_system.cpp
  shield_recharge_system.cpp
  module_system.cpp
  weapon_system.cpp
  inventory_system.cpp
  wormhole_system.cpp
  loot_system.cpp
  fleet_system.cpp
  insurance_system.cpp
  mission_system.cpp
  captain_personality_system.cpp
  skill_system.cpp
  Generating Code...
  Generating Code...
  Compiling...
  module_system.cpp
  inventory_system.cpp
  loot_system.cpp
  insurance_system.cpp
  captain_personality_system.cpp
  corporation_system.cpp
  bounty_system.cpp
  market_system.cpp
  drone_system.cpp
  Compiling...
  corporation_system.cpp
  contract_system.cpp
  bounty_system.cpp
  pi_system.cpp
  market_system.cpp
  manufacturing_system.cpp
  drone_system.cpp
  research_system.cpp
  contract_system.cpp
  chat_system.cpp
  pi_system.cpp
  character_creation_system.cpp
  manufacturing_system.cpp
  tournament_system.cpp
  research_system.cpp
  leaderboard_system.cpp
  chat_system.cpp
  station_system.cpp
  character_creation_system.cpp
  wreck_salvage_system.cpp
  tournament_system.cpp
  fleet_morale_system.cpp
  leaderboard_system.cpp
  Generating Code...
  station_system.cpp
  wreck_salvage_system.cpp
  Compiling...
  fleet_chatter_system.cpp
  fleet_morale_system.cpp
  warp_anomaly_system.cpp
  fleet_chatter_system.cpp
  captain_relationship_system.cpp
  warp_anomaly_system.cpp
  emotional_arc_system.cpp
  captain_relationship_system.cpp
  fleet_cargo_system.cpp
  emotional_arc_system.cpp
  tactical_overlay_system.cpp
  fleet_cargo_system.cpp
  mining_system.cpp
  Generating Code...
  fleet_formation_system.cpp
  captain_memory_system.cpp
  Compiling...
  tactical_overlay_system.cpp
  ship_fitting_system.cpp
  mining_system.cpp
  warp_cinematic_system.cpp
  fleet_formation_system.cpp
  warp_hud_travel_mode_system.cpp
  captain_memory_system.cpp
  warp_auto_comfort_system.cpp
  ship_fitting_system.cpp
  refining_system.cpp
  warp_cinematic_system.cpp
  anomaly_system.cpp
  warp_hud_travel_mode_system.cpp
  reputation_system.cpp
  warp_auto_comfort_system.cpp
  scanner_system.cpp
  refining_system.cpp
  difficulty_scaling_system.cpp
  anomaly_system.cpp
  mission_template_system.cpp
  reputation_system.cpp
  mission_generator_system.cpp
  scanner_system.cpp
  Generating Code...
  difficulty_scaling_system.cpp
  mission_template_system.cpp
  Compiling...
  lod_system.cpp
  mission_generator_system.cpp
  spatial_hash_system.cpp
  lod_system.cpp
  background_simulation_system.cpp
  spatial_hash_system.cpp
  npc_intent_system.cpp
  background_simulation_system.cpp
  npc_behavior_tree_system.cpp
  npc_intent_system.cpp
  combat_threat_system.cpp
  npc_behavior_tree_system.cpp
  security_response_system.cpp
  Generating Code...
  ambient_traffic_system.cpp
  snapshot_replication_system.cpp
  Compiling...
  combat_threat_system.cpp
  interest_management_system.cpp
  security_response_system.cpp
  fleet_progression_system.cpp
  ambient_traffic_system.cpp
  station_deployment_system.cpp
  snapshot_replication_system.cpp
  fleet_warp_formation_system.cpp
  interest_management_system.cpp
  warp_meditation_system.cpp
  fleet_progression_system.cpp
  rumor_questline_system.cpp
  station_deployment_system.cpp
  captain_departure_system.cpp
  fleet_warp_formation_system.cpp
  captain_transfer_system.cpp
  warp_meditation_system.cpp
  npc_rerouting_system.cpp
  rumor_questline_system.cpp
  local_reputation_system.cpp
  captain_departure_system.cpp
  station_news_system.cpp
  captain_transfer_system.cpp
  Generating Code...
  npc_rerouting_system.cpp
  Compiling...
  wreck_persistence_system.cpp
  local_reputation_system.cpp
  fleet_history_system.cpp
  station_news_system.cpp
  rig_system.cpp
  wreck_persistence_system.cpp
  legend_system.cpp
  fleet_history_system.cpp
  ancient_tech_system.cpp
  rig_system.cpp
  docking_system.cpp
  legend_system.cpp
  survival_system.cpp
  ancient_tech_system.cpp
  menu_system.cpp
  Generating Code...
  crew_system.cpp
  Compiling...
  docking_system.cpp
  salvage_exploration_system.cpp
  survival_system.cpp
  market_order_system.cpp
  menu_system.cpp
  ai_economic_actor_system.cpp
  crew_system.cpp
  turret_ai_system.cpp
  salvage_exploration_system.cpp
  alliance_system.cpp
  market_order_system.cpp
  sovereignty_system.cpp
  ai_economic_actor_system.cpp
  war_declaration_system.cpp
  turret_ai_system.cpp
  information_propagation_system.cpp
  alliance_system.cpp
  crew_activity_system.cpp
  sovereignty_system.cpp
  visual_cue_system.cpp
  war_declaration_system.cpp
  supply_demand_system.cpp
  convoy_ambush_system.cpp
  Generating Code...
  npc_dialogue_system.cpp
  Compiling...
  black_market_system.cpp
  station_monument_system.cpp
  price_history_system.cpp
  information_propagation_system.cpp
  propaganda_system.cpp
  crew_activity_system.cpp
  rest_station_system.cpp
  visual_cue_system.cpp
  myth_boss_system.cpp
  supply_demand_system.cpp
  ancient_tech_upgrade_system.cpp
  black_market_system.cpp
  price_history_system.cpp
  mod_manifest_system.cpp
  Generating Code...
  ancient_ai_remnant_system.cpp
  character_creation_screen_system.cpp
  Compiling...
  propaganda_system.cpp
  view_mode_transition_system.cpp
  rest_station_system.cpp
  station_hangar_system.cpp
  myth_boss_system.cpp
  tether_docking_system.cpp
  ancient_tech_upgrade_system.cpp
  fps_spawn_system.cpp
  mod_manifest_system.cpp
  interior_door_system.cpp
  ancient_ai_remnant_system.cpp
  fps_character_controller_system.cpp
C:\Program Files\Microsoft Visual Studio\2022\Community\VC\Tools\MSVC\14.38.33130\include\utility(250,16): warning C4244: 'initializing': conversion from '_Ty' to '_Ty1', possible loss of data [C:\GIT PROJECTS\NovaForge\build\cpp_server\atlas_dedicated_server.vcxproj]
C:\Program Files\Microsoft Visual Studio\2022\Community\VC\Tools\MSVC\14.38.33130\include\utility(250,16): warning C4244:         with [C:\GIT PROJECTS\NovaForge\build\cpp_server\atlas_dedicated_server.vcxproj]
C:\Program Files\Microsoft Visual Studio\2022\Community\VC\Tools\MSVC\14.38.33130\include\utility(250,16): warning C4244:         [ [C:\GIT PROJECTS\NovaForge\build\cpp_server\atlas_dedicated_server.vcxproj]
C:\Program Files\Microsoft Visual Studio\2022\Community\VC\Tools\MSVC\14.38.33130\include\utility(250,16): warning C4244:             _Ty=int [C:\GIT PROJECTS\NovaForge\build\cpp_server\atlas_dedicated_server.vcxproj]
C:\Program Files\Microsoft Visual Studio\2022\Community\VC\Tools\MSVC\14.38.33130\include\utility(250,16): warning C4244:         ] [C:\GIT PROJECTS\NovaForge\build\cpp_server\atlas_dedicated_server.vcxproj]
C:\Program Files\Microsoft Visual Studio\2022\Community\VC\Tools\MSVC\14.38.33130\include\utility(250,16): warning C4244:         and [C:\GIT PROJECTS\NovaForge\build\cpp_server\atlas_dedicated_server.vcxproj]
C:\Program Files\Microsoft Visual Studio\2022\Community\VC\Tools\MSVC\14.38.33130\include\utility(250,16): warning C4244:         [ [C:\GIT PROJECTS\NovaForge\build\cpp_server\atlas_dedicated_server.vcxproj]
C:\Program Files\Microsoft Visual Studio\2022\Community\VC\Tools\MSVC\14.38.33130\include\utility(250,16): warning C4244:             _Ty1=float [C:\GIT PROJECTS\NovaForge\build\cpp_server\atlas_dedicated_server.vcxproj]
C:\Program Files\Microsoft Visual Studio\2022\Community\VC\Tools\MSVC\14.38.33130\include\utility(250,16): warning C4244:         ] [C:\GIT PROJECTS\NovaForge\build\cpp_server\atlas_dedicated_server.vcxproj]
  (compiling source file '../../cpp_server/src/systems/fps_character_controller_system.cpp')
      C:\Program Files\Microsoft Visual Studio\2022\Community\VC\Tools\MSVC\14.38.33130\include\utility(250,16):
      the template instantiation context (the oldest one first) is
          C:\GIT PROJECTS\NovaForge\cpp_server\src\systems\fps_character_controller_system.cpp(188,18):
          see reference to function template instantiation 'std::pair<float,float>::pair<int,int,0>(_Other1 &&,_Other2 &&) noexcept' being compiled
          with
          [
              _Other1=int,
              _Other2=int
          ]
              C:\GIT PROJECTS\NovaForge\cpp_server\src\systems\fps_character_controller_system.cpp(188,18):
              see the first reference to 'std::pair<float,float>::pair' in 'atlas::systems::FPSCharacterControllerSystem::getLookDirection'
  
C:\Program Files\Microsoft Visual Studio\2022\Community\VC\Tools\MSVC\14.38.33130\include\utility(250,54): warning C4244: 'initializing': conversion from '_Ty' to '_Ty2', possible loss of data [C:\GIT PROJECTS\NovaForge\build\cpp_server\atlas_dedicated_server.vcxproj]
C:\Program Files\Microsoft Visual Studio\2022\Community\VC\Tools\MSVC\14.38.33130\include\utility(250,54): warning C4244:         with [C:\GIT PROJECTS\NovaForge\build\cpp_server\atlas_dedicated_server.vcxproj]
C:\Program Files\Microsoft Visual Studio\2022\Community\VC\Tools\MSVC\14.38.33130\include\utility(250,54): warning C4244:         [ [C:\GIT PROJECTS\NovaForge\build\cpp_server\atlas_dedicated_server.vcxproj]
C:\Program Files\Microsoft Visual Studio\2022\Community\VC\Tools\MSVC\14.38.33130\include\utility(250,54): warning C4244:             _Ty=int [C:\GIT PROJECTS\NovaForge\build\cpp_server\atlas_dedicated_server.vcxproj]
C:\Program Files\Microsoft Visual Studio\2022\Community\VC\Tools\MSVC\14.38.33130\include\utility(250,54): warning C4244:         ] [C:\GIT PROJECTS\NovaForge\build\cpp_server\atlas_dedicated_server.vcxproj]
C:\Program Files\Microsoft Visual Studio\2022\Community\VC\Tools\MSVC\14.38.33130\include\utility(250,54): warning C4244:         and [C:\GIT PROJECTS\NovaForge\build\cpp_server\atlas_dedicated_server.vcxproj]
C:\Program Files\Microsoft Visual Studio\2022\Community\VC\Tools\MSVC\14.38.33130\include\utility(250,54): warning C4244:         [ [C:\GIT PROJECTS\NovaForge\build\cpp_server\atlas_dedicated_server.vcxproj]
C:\Program Files\Microsoft Visual Studio\2022\Community\VC\Tools\MSVC\14.38.33130\include\utility(250,54): warning C4244:             _Ty2=float [C:\GIT PROJECTS\NovaForge\build\cpp_server\atlas_dedicated_server.vcxproj]
C:\Program Files\Microsoft Visual Studio\2022\Community\VC\Tools\MSVC\14.38.33130\include\utility(250,54): warning C4244:         ] [C:\GIT PROJECTS\NovaForge\build\cpp_server\atlas_dedicated_server.vcxproj]
  (compiling source file '../../cpp_server/src/systems/fps_character_controller_system.cpp')
  
  character_creation_screen_system.cpp
C:\Program Files\Microsoft Visual Studio\2022\Community\VC\Tools\MSVC\14.38.33130\include\tuple(143,47): warning C4244: 'initializing': conversion from '_Ty' to '_Ty', possible loss of data [C:\GIT PROJECTS\NovaForge\build\cpp_server\atlas_dedicated_server.vcxproj]
C:\Program Files\Microsoft Visual Studio\2022\Community\VC\Tools\MSVC\14.38.33130\include\tuple(143,47): warning C4244:         with [C:\GIT PROJECTS\NovaForge\build\cpp_server\atlas_dedicated_server.vcxproj]
C:\Program Files\Microsoft Visual Studio\2022\Community\VC\Tools\MSVC\14.38.33130\include\tuple(143,47): warning C4244:         [ [C:\GIT PROJECTS\NovaForge\build\cpp_server\atlas_dedicated_server.vcxproj]
C:\Program Files\Microsoft Visual Studio\2022\Community\VC\Tools\MSVC\14.38.33130\include\tuple(143,47): warning C4244:             _Ty=int [C:\GIT PROJECTS\NovaForge\build\cpp_server\atlas_dedicated_server.vcxproj]
C:\Program Files\Microsoft Visual Studio\2022\Community\VC\Tools\MSVC\14.38.33130\include\tuple(143,47): warning C4244:         ] [C:\GIT PROJECTS\NovaForge\build\cpp_server\atlas_dedicated_server.vcxproj]
C:\Program Files\Microsoft Visual Studio\2022\Community\VC\Tools\MSVC\14.38.33130\include\tuple(143,47): warning C4244:         and [C:\GIT PROJECTS\NovaForge\build\cpp_server\atlas_dedicated_server.vcxproj]
C:\Program Files\Microsoft Visual Studio\2022\Community\VC\Tools\MSVC\14.38.33130\include\tuple(143,47): warning C4244:         [ [C:\GIT PROJECTS\NovaForge\build\cpp_server\atlas_dedicated_server.vcxproj]
C:\Program Files\Microsoft Visual Studio\2022\Community\VC\Tools\MSVC\14.38.33130\include\tuple(143,47): warning C4244:             _Ty=float [C:\GIT PROJECTS\NovaForge\build\cpp_server\atlas_dedicated_server.vcxproj]
C:\Program Files\Microsoft Visual Studio\2022\Community\VC\Tools\MSVC\14.38.33130\include\tuple(143,47): warning C4244:         ] [C:\GIT PROJECTS\NovaForge\build\cpp_server\atlas_dedicated_server.vcxproj]
  (compiling source file '../../cpp_server/src/systems/fps_character_controller_system.cpp')
      C:\Program Files\Microsoft Visual Studio\2022\Community\VC\Tools\MSVC\14.38.33130\include\tuple(143,47):
      the template instantiation context (the oldest one first) is
          C:\GIT PROJECTS\NovaForge\cpp_server\src\systems\fps_character_controller_system.cpp(178,18):
          see reference to function template instantiation 'std::tuple<float,float,float>::tuple<int,int,int,0>(_This2 &&,int &&,int &&) noexcept' being compiled
          with
          [
              _This2=int
          ]
              C:\GIT PROJECTS\NovaForge\cpp_server\src\systems\fps_character_controller_system.cpp(178,18):
              see the first reference to 'std::tuple<float,float,float>::tuple' in 'atlas::systems::FPSCharacterControllerSystem::getPosition'
          C:\Program Files\Microsoft Visual Studio\2022\Community\VC\Tools\MSVC\14.38.33130\include\tuple(361,16):
          see reference to function template instantiation 'std::tuple<float,float,float>::tuple<std::_Exact_args_t,_Ty,_Ty,_Ty,0>(_Tag,_This2 &&,_Ty &&,_Ty &&)' being compiled
          with
          [
              _Ty=int,
              _Tag=std::_Exact_args_t,
              _This2=int
          ]
          C:\Program Files\Microsoft Visual Studio\2022\Community\VC\Tools\MSVC\14.38.33130\include\tuple(315,102):
          see reference to function template instantiation 'std::_Tuple_val<_This>::_Tuple_val<_Ty>(_Other &&)' being compiled
          with
          [
              _This=float,
              _Ty=int,
              _Other=int
          ]
  
  eva_airlock_system.cpp
  view_mode_transition_system.cpp
  fps_interaction_system.cpp
  station_hangar_system.cpp
  fps_combat_system.cpp
  tether_docking_system.cpp
  fps_inventory_system.cpp
  fps_spawn_system.cpp
  ship_interior_layout_system.cpp
  interior_door_system.cpp
  Generating Code...
  fps_character_controller_system.cpp
C:\Program Files\Microsoft Visual Studio\2022\Community\VC\Tools\MSVC\14.38.33130\include\utility(250,16): warning C4244: 'initializing': conversion from '_Ty' to '_Ty1', possible loss of data [C:\GIT PROJECTS\NovaForge\build\cpp_server\test_systems.vcxproj]
C:\Program Files\Microsoft Visual Studio\2022\Community\VC\Tools\MSVC\14.38.33130\include\utility(250,16): warning C4244:         with [C:\GIT PROJECTS\NovaForge\build\cpp_server\test_systems.vcxproj]
C:\Program Files\Microsoft Visual Studio\2022\Community\VC\Tools\MSVC\14.38.33130\include\utility(250,16): warning C4244:         [ [C:\GIT PROJECTS\NovaForge\build\cpp_server\test_systems.vcxproj]
C:\Program Files\Microsoft Visual Studio\2022\Community\VC\Tools\MSVC\14.38.33130\include\utility(250,16): warning C4244:             _Ty=int [C:\GIT PROJECTS\NovaForge\build\cpp_server\test_systems.vcxproj]
C:\Program Files\Microsoft Visual Studio\2022\Community\VC\Tools\MSVC\14.38.33130\include\utility(250,16): warning C4244:         ] [C:\GIT PROJECTS\NovaForge\build\cpp_server\test_systems.vcxproj]
C:\Program Files\Microsoft Visual Studio\2022\Community\VC\Tools\MSVC\14.38.33130\include\utility(250,16): warning C4244:         and [C:\GIT PROJECTS\NovaForge\build\cpp_server\test_systems.vcxproj]
C:\Program Files\Microsoft Visual Studio\2022\Community\VC\Tools\MSVC\14.38.33130\include\utility(250,16): warning C4244:         [ [C:\GIT PROJECTS\NovaForge\build\cpp_server\test_systems.vcxproj]
C:\Program Files\Microsoft Visual Studio\2022\Community\VC\Tools\MSVC\14.38.33130\include\utility(250,16): warning C4244:             _Ty1=float [C:\GIT PROJECTS\NovaForge\build\cpp_server\test_systems.vcxproj]
C:\Program Files\Microsoft Visual Studio\2022\Community\VC\Tools\MSVC\14.38.33130\include\utility(250,16): warning C4244:         ] [C:\GIT PROJECTS\NovaForge\build\cpp_server\test_systems.vcxproj]
  (compiling source file '../../cpp_server/src/systems/fps_character_controller_system.cpp')
      C:\Program Files\Microsoft Visual Studio\2022\Community\VC\Tools\MSVC\14.38.33130\include\utility(250,16):
      the template instantiation context (the oldest one first) is
          C:\GIT PROJECTS\NovaForge\cpp_server\src\systems\fps_character_controller_system.cpp(188,18):
          see reference to function template instantiation 'std::pair<float,float>::pair<int,int,0>(_Other1 &&,_Other2 &&) noexcept' being compiled
          with
          [
              _Other1=int,
              _Other2=int
          ]
              C:\GIT PROJECTS\NovaForge\cpp_server\src\systems\fps_character_controller_system.cpp(188,18):
              see the first reference to 'std::pair<float,float>::pair' in 'atlas::systems::FPSCharacterControllerSystem::getLookDirection'
  
C:\Program Files\Microsoft Visual Studio\2022\Community\VC\Tools\MSVC\14.38.33130\include\utility(250,54): warning C4244: 'initializing': conversion from '_Ty' to '_Ty2', possible loss of data [C:\GIT PROJECTS\NovaForge\build\cpp_server\test_systems.vcxproj]
C:\Program Files\Microsoft Visual Studio\2022\Community\VC\Tools\MSVC\14.38.33130\include\utility(250,54): warning C4244:         with [C:\GIT PROJECTS\NovaForge\build\cpp_server\test_systems.vcxproj]
C:\Program Files\Microsoft Visual Studio\2022\Community\VC\Tools\MSVC\14.38.33130\include\utility(250,54): warning C4244:         [ [C:\GIT PROJECTS\NovaForge\build\cpp_server\test_systems.vcxproj]
C:\Program Files\Microsoft Visual Studio\2022\Community\VC\Tools\MSVC\14.38.33130\include\utility(250,54): warning C4244:             _Ty=int [C:\GIT PROJECTS\NovaForge\build\cpp_server\test_systems.vcxproj]
C:\Program Files\Microsoft Visual Studio\2022\Community\VC\Tools\MSVC\14.38.33130\include\utility(250,54): warning C4244:         ] [C:\GIT PROJECTS\NovaForge\build\cpp_server\test_systems.vcxproj]
C:\Program Files\Microsoft Visual Studio\2022\Community\VC\Tools\MSVC\14.38.33130\include\utility(250,54): warning C4244:         and [C:\GIT PROJECTS\NovaForge\build\cpp_server\test_systems.vcxproj]
C:\Program Files\Microsoft Visual Studio\2022\Community\VC\Tools\MSVC\14.38.33130\include\utility(250,54): warning C4244:         [ [C:\GIT PROJECTS\NovaForge\build\cpp_server\test_systems.vcxproj]
C:\Program Files\Microsoft Visual Studio\2022\Community\VC\Tools\MSVC\14.38.33130\include\utility(250,54): warning C4244:             _Ty2=float [C:\GIT PROJECTS\NovaForge\build\cpp_server\test_systems.vcxproj]
C:\Program Files\Microsoft Visual Studio\2022\Community\VC\Tools\MSVC\14.38.33130\include\utility(250,54): warning C4244:         ] [C:\GIT PROJECTS\NovaForge\build\cpp_server\test_systems.vcxproj]
  (compiling source file '../../cpp_server/src/systems/fps_character_controller_system.cpp')
  
C:\Program Files\Microsoft Visual Studio\2022\Community\VC\Tools\MSVC\14.38.33130\include\tuple(143,47): warning C4244: 'initializing': conversion from '_Ty' to '_Ty', possible loss of data [C:\GIT PROJECTS\NovaForge\build\cpp_server\test_systems.vcxproj]
C:\Program Files\Microsoft Visual Studio\2022\Community\VC\Tools\MSVC\14.38.33130\include\tuple(143,47): warning C4244:         with [C:\GIT PROJECTS\NovaForge\build\cpp_server\test_systems.vcxproj]
C:\Program Files\Microsoft Visual Studio\2022\Community\VC\Tools\MSVC\14.38.33130\include\tuple(143,47): warning C4244:         [ [C:\GIT PROJECTS\NovaForge\build\cpp_server\test_systems.vcxproj]
C:\Program Files\Microsoft Visual Studio\2022\Community\VC\Tools\MSVC\14.38.33130\include\tuple(143,47): warning C4244:             _Ty=int [C:\GIT PROJECTS\NovaForge\build\cpp_server\test_systems.vcxproj]
C:\Program Files\Microsoft Visual Studio\2022\Community\VC\Tools\MSVC\14.38.33130\include\tuple(143,47): warning C4244:         ] [C:\GIT PROJECTS\NovaForge\build\cpp_server\test_systems.vcxproj]
C:\Program Files\Microsoft Visual Studio\2022\Community\VC\Tools\MSVC\14.38.33130\include\tuple(143,47): warning C4244:         and [C:\GIT PROJECTS\NovaForge\build\cpp_server\test_systems.vcxproj]
C:\Program Files\Microsoft Visual Studio\2022\Community\VC\Tools\MSVC\14.38.33130\include\tuple(143,47): warning C4244:         [ [C:\GIT PROJECTS\NovaForge\build\cpp_server\test_systems.vcxproj]
C:\Program Files\Microsoft Visual Studio\2022\Community\VC\Tools\MSVC\14.38.33130\include\tuple(143,47): warning C4244:             _Ty=float [C:\GIT PROJECTS\NovaForge\build\cpp_server\test_systems.vcxproj]
C:\Program Files\Microsoft Visual Studio\2022\Community\VC\Tools\MSVC\14.38.33130\include\tuple(143,47): warning C4244:         ] [C:\GIT PROJECTS\NovaForge\build\cpp_server\test_systems.vcxproj]
  (compiling source file '../../cpp_server/src/systems/fps_character_controller_system.cpp')
      C:\Program Files\Microsoft Visual Studio\2022\Community\VC\Tools\MSVC\14.38.33130\include\tuple(143,47):
      the template instantiation context (the oldest one first) is
          C:\GIT PROJECTS\NovaForge\cpp_server\src\systems\fps_character_controller_system.cpp(178,18):
          see reference to function template instantiation 'std::tuple<float,float,float>::tuple<int,int,int,0>(_This2 &&,int &&,int &&) noexcept' being compiled
          with
          [
              _This2=int
          ]
              C:\GIT PROJECTS\NovaForge\cpp_server\src\systems\fps_character_controller_system.cpp(178,18):
              see the first reference to 'std::tuple<float,float,float>::tuple' in 'atlas::systems::FPSCharacterControllerSystem::getPosition'
          C:\Program Files\Microsoft Visual Studio\2022\Community\VC\Tools\MSVC\14.38.33130\include\tuple(361,16):
          see reference to function template instantiation 'std::tuple<float,float,float>::tuple<std::_Exact_args_t,_Ty,_Ty,_Ty,0>(_Tag,_This2 &&,_Ty &&,_Ty &&)' being compiled
          with
          [
              _Ty=int,
              _Tag=std::_Exact_args_t,
              _This2=int
          ]
          C:\Program Files\Microsoft Visual Studio\2022\Community\VC\Tools\MSVC\14.38.33130\include\tuple(315,102):
          see reference to function template instantiation 'std::_Tuple_val<_This>::_Tuple_val<_Ty>(_Other &&)' being compiled
          with
          [
              _This=float,
              _Ty=int,
              _Other=int
          ]
  
  eva_airlock_system.cpp
  Compiling...
  environmental_hazard_system.cpp
  fps_interaction_system.cpp
  fps_objective_system.cpp
  fps_combat_system.cpp
  wing_management_system.cpp
  fps_inventory_system.cpp
  economic_flow_system.cpp
  ship_interior_layout_system.cpp
  ship_database.cpp
  npc_database.cpp
  environmental_hazard_system.cpp
  wormhole_database.cpp
  world_persistence.cpp
  world_serializer.cpp
  fps_objective_system.cpp
  world_deserializer.cpp
  Generating Code...
  persistence_json_utils.cpp
  world_persistence_compressed.cpp
  Generating Code...
  Compiling...
  wing_management_system.cpp
  economic_flow_system.cpp
  world_persistence.cpp
  world_serializer.cpp
  world_deserializer.cpp
  atlas_dedicated_server.vcxproj -> C:\GIT PROJECTS\NovaForge\build\bin\Release\atlas_dedicated_server.exe
  persistence_json_utils.cpp
  world_persistence_compressed.cpp
  game_session.cpp
  game_session_network.cpp
  game_session_entities.cpp
  game_session_combat.cpp
  game_session_utils.cpp
  game_session_stations.cpp
  game_session_movement.cpp
  game_session_scanning.cpp
  game_session_missions.cpp
  Generating Code...
  test_systems.vcxproj -> C:\GIT PROJECTS\NovaForge\build\bin\Release\test_systems.exe
