Log file: /c/GIT PROJECTS/NovaForge/logs/build_all_20260307_010717.log

================================================
Nova Forge - Windows Build (All Targets)
================================================

Checking dependencies...
  CMake cmake version 4.2.3
  Visual Studio: Visual Studio 17 2022
  vcpkg: C:\vcpkg

Clearing CMake cache to avoid generator conflicts...

Configuration:
  Build Type:   Release
  Build Dir:    /c/GIT PROJECTS/NovaForge/build
  Output Dir:   /c/GIT PROJECTS/NovaForge/build/bin
  Run Tests:    false
  Generator:    Visual Studio 17 2022
  Architecture: x64

Configuring CMake (Release) — all targets...
-- Selecting Windows SDK version 10.0.26100.0 to target Windows 10.0.19045.
-- The C compiler identification is MSVC 19.38.33145.0
-- The CXX compiler identification is MSVC 19.38.33145.0
-- Detecting C compiler ABI info
-- Detecting C compiler ABI info - done
-- Check for working C compiler: C:/Program Files/Microsoft Visual Studio/2022/Community/VC/Tools/MSVC/14.38.33130/bin/Hostx64/x64/cl.exe - skipped
-- Detecting C compile features
-- Detecting C compile features - done
-- Detecting CXX compiler ABI info
-- Detecting CXX compiler ABI info - done
-- Check for working CXX compiler: C:/Program Files/Microsoft Visual Studio/2022/Community/VC/Tools/MSVC/14.38.33130/bin/Hostx64/x64/cl.exe - skipped
-- Detecting CXX compile features
-- Detecting CXX compile features - done
-- Adding Atlas Engine library...
-- Adding Atlas Editor...
-- Found OpenGL: opengl32
-- Performing Test CMAKE_HAVE_LIBC_PTHREAD
-- Performing Test CMAKE_HAVE_LIBC_PTHREAD - Failed
-- Looking for pthread_create in pthreads
-- Looking for pthread_create in pthreads - not found
-- Looking for pthread_create in pthread
-- Looking for pthread_create in pthread - not found
-- Found Threads: TRUE
-- AtlasEditor: using system GLEW
-- Adding Atlas Engine tests...
-- GLM found -- camera & character select tests enabled
-- Adding C++ Client to solution...
-- OpenAL found - audio support enabled
-- GLEW found - using system GLEW
-- Using system GLEW (GLAD not needed)
-- Using system nlohmann/json
-- Using bundled STB image loader
-- Using bundled tinyobjloader for .obj model loading
-- Using bundled tinygltf for .gltf/.glb model loading
-- RmlUi disabled (UI stubs only). Enable with -DUSE_RMLUI=ON
--   Editor tool layer: ENABLED (F12 toggle)
-- OBJ models archive not found at C:/GIT PROJECTS/NovaForge/cpp_client/../data/ships/obj_models/obj_models.7z
-- 7z not found - testing model archives will be extracted at runtime by ReferenceModelAnalyzer
-- Building test suite...
-- 
-- Atlas Client Configuration:
--   C++ Standard: 17
--   OpenGL: 
--   Use System Libraries: ON
--   Build Tests: ON
--   RmlUi Enabled: OFF
-- 
-- Adding C++ Server to solution...
-- Found ZLIB: optimized;C:/vcpkg/installed/x64-windows/lib/zlib.lib;debug;C:/vcpkg/installed/x64-windows/debug/lib/zlibd.lib (found version "1.3.1")
CMake Warning at cpp_server/CMakeLists.txt:710 (message):
  Steamworks SDK not found.  Steam integration will be disabled.


CMake Warning at cpp_server/CMakeLists.txt:711 (message):
  Download SDK from: https://partner.steamgames.com/


-- 
-- Atlas Dedicated Server Configuration:
--   C++ Standard: 17
--   Steam Integration: OFF
--   Build Tests: ON
-- 
-- 
-- Atlas Configuration:
--   C++ Standard: 17
--   Atlas Engine:  ON
--   Atlas Editor:  ON
--   Atlas Tests:   ON
--   Game Client:   ON
--   Game Server:   ON
--   Editor Tools:  ON
-- 
-- After generation, open the solution file in Visual Studio:
--   build_vs/Atlas.sln
-- 
-- Configuring done (5.2s)
-- Generating done (1.4s)
-- Build files have been written to: C:/GIT PROJECTS/NovaForge/build

Building all targets (Engine, Editor, Client, Server, Tests)...
MSBuild version 17.14.40+3e7442088 for .NET Framework

  Checking File Globs
  test_audio_system.vcxproj -> C:\GIT PROJECTS\NovaForge\build\bin\Release\test_audio_system.exe
  test_asteroid_field.vcxproj -> C:\GIT PROJECTS\NovaForge\build\bin\Release\test_asteroid_field.exe
  test_layout_manager.vcxproj -> C:\GIT PROJECTS\NovaForge\build\bin\Release\test_layout_manager.exe
  AtlasEngine.vcxproj -> C:\GIT PROJECTS\NovaForge\build\engine\Release\AtlasEngine.lib
  test_deferred_rendering.vcxproj -> C:\GIT PROJECTS\NovaForge\build\bin\Release\test_deferred_rendering.exe
  test_entity_sync.vcxproj -> C:\GIT PROJECTS\NovaForge\build\bin\Release\test_entity_sync.exe
  test_model_analyzer.vcxproj -> C:\GIT PROJECTS\NovaForge\build\bin\Release\test_model_analyzer.exe
  test_atlas_ui.vcxproj -> C:\GIT PROJECTS\NovaForge\build\bin\Release\test_atlas_ui.exe
  test_network.vcxproj -> C:\GIT PROJECTS\NovaForge\build\bin\Release\test_network.exe
  test_post_processing.vcxproj -> C:\GIT PROJECTS\NovaForge\build\bin\Release\test_post_processing.exe
  test_server_responses.vcxproj -> C:\GIT PROJECTS\NovaForge\build\bin\Release\test_server_responses.exe
  test_shadow_mapping.vcxproj -> C:\GIT PROJECTS\NovaForge\build\bin\Release\test_shadow_mapping.exe
  test_ship_physics.vcxproj -> C:\GIT PROJECTS\NovaForge\build\bin\Release\test_ship_physics.exe
  test_fleet_formation.cpp
  editor_tool_layer.cpp
  main.cpp
C:\GIT PROJECTS\NovaForge\cpp_server\include\ecs\single_component_system.h(61,34): error C2061: syntax error: identifier 'Entity' [C:\GIT PROJECTS\NovaForge\build\atlas_tests\AtlasTests.vcxproj]
  (compiling source file '../../atlas_tests/test_fleet_formation.cpp')
      C:\GIT PROJECTS\NovaForge\cpp_server\include\ecs\single_component_system.h(61,34):
      the template instantiation context (the oldest one first) is
          C:\GIT PROJECTS\NovaForge\cpp_server\include\ecs\single_component_system.h(78,2):
          see reference to class template instantiation 'atlas::ecs::SingleComponentSystem<C>' being compiled
  
  novaforge_core.vcxproj -> C:\GIT PROJECTS\NovaForge\build\cpp_server\Release\novaforge_core.lib
  atlas_dedicated_server.vcxproj -> C:\GIT PROJECTS\NovaForge\build\bin\Release\atlas_dedicated_server.exe
  test_systems.vcxproj -> C:\GIT PROJECTS\NovaForge\build\bin\Release\test_systems.exe
C:\GIT PROJECTS\NovaForge\cpp_server\include\systems\fleet_formation_system.h(77,31): error C2039: 'Entity': is not a member of 'atlas::ecs' [C:\GIT PROJECTS\NovaForge\build\atlas_tests\AtlasTests.vcxproj]
  (compiling source file '../../atlas_tests/test_fleet_formation.cpp')
      C:\GIT PROJECTS\NovaForge\cpp_server\include\ecs\component.h(9,11):
      see declaration of 'atlas::ecs'
  
C:\GIT PROJECTS\NovaForge\cpp_server\include\systems\fleet_formation_system.h(77,31): error C2061: syntax error: identifier 'Entity' [C:\GIT PROJECTS\NovaForge\build\atlas_tests\AtlasTests.vcxproj]
  (compiling source file '../../atlas_tests/test_fleet_formation.cpp')
  
  test_warp_performance_budget.cpp
C:\GIT PROJECTS\NovaForge\cpp_server\include\ecs\single_component_system.h(61,34): error C2061: syntax error: identifier 'Entity' [C:\GIT PROJECTS\NovaForge\build\atlas_tests\AtlasTests.vcxproj]
  (compiling source file '../../atlas_tests/test_warp_performance_budget.cpp')
      C:\GIT PROJECTS\NovaForge\cpp_server\include\ecs\single_component_system.h(61,34):
      the template instantiation context (the oldest one first) is
          C:\GIT PROJECTS\NovaForge\cpp_server\include\ecs\single_component_system.h(78,2):
          see reference to class template instantiation 'atlas::ecs::SingleComponentSystem<C>' being compiled
  
C:\GIT PROJECTS\NovaForge\cpp_server\include\systems\warp_performance_budget_system.h(99,31): error C2039: 'Entity': is not a member of 'atlas::ecs' [C:\GIT PROJECTS\NovaForge\build\atlas_tests\AtlasTests.vcxproj]
  (compiling source file '../../atlas_tests/test_warp_performance_budget.cpp')
      C:\GIT PROJECTS\NovaForge\cpp_server\include\ecs\component.h(9,11):
      see declaration of 'atlas::ecs'
  
C:\GIT PROJECTS\NovaForge\cpp_server\include\systems\warp_performance_budget_system.h(99,31): error C2061: syntax error: identifier 'Entity' [C:\GIT PROJECTS\NovaForge\build\atlas_tests\AtlasTests.vcxproj]
  (compiling source file '../../atlas_tests/test_warp_performance_budget.cpp')
  
  test_fleet_positional_audio.cpp
C:\GIT PROJECTS\NovaForge\cpp_client\src\editor\editor_tool_layer.cpp(72,5): error C2027: use of undefined type 'atlas::editor::ai::AIAggregator' [C:\GIT PROJECTS\NovaForge\build\cpp_client\atlas_client.vcxproj]
      C:\GIT PROJECTS\NovaForge\cpp_client\include\editor\editor_tool_layer.h(64,22):
      see declaration of 'atlas::editor::ai::AIAggregator'
  
C:\GIT PROJECTS\NovaForge\cpp_client\src\editor\editor_tool_layer.cpp(72,21): error C2039: 'RegisterBackend': is not a member of 'std::unique_ptr<atlas::editor::ai::AIAggregator,std::default_delete<atlas::editor::ai::AIAggregator>>' [C:\GIT PROJECTS\NovaForge\build\cpp_client\atlas_client.vcxproj]
      C:\GIT PROJECTS\NovaForge\cpp_client\include\editor\editor_tool_layer.h(153,10):
      see declaration of 'std::unique_ptr<atlas::editor::ai::AIAggregator,std::default_delete<atlas::editor::ai::AIAggregator>>'
  
C:\GIT PROJECTS\NovaForge\cpp_server\include\ecs\single_component_system.h(61,34): error C2061: syntax error: identifier 'Entity' [C:\GIT PROJECTS\NovaForge\build\atlas_tests\AtlasTests.vcxproj]
  (compiling source file '../../atlas_tests/test_fleet_positional_audio.cpp')
      C:\GIT PROJECTS\NovaForge\cpp_server\include\ecs\single_component_system.h(61,34):
      the template instantiation context (the oldest one first) is
          C:\GIT PROJECTS\NovaForge\cpp_server\include\ecs\single_component_system.h(78,2):
          see reference to class template instantiation 'atlas::ecs::SingleComponentSystem<C>' being compiled
  
C:\GIT PROJECTS\NovaForge\cpp_server\include\systems\fleet_positional_audio_system.h(90,31): error C2039: 'Entity': is not a member of 'atlas::ecs' [C:\GIT PROJECTS\NovaForge\build\atlas_tests\AtlasTests.vcxproj]
  (compiling source file '../../atlas_tests/test_fleet_positional_audio.cpp')
      C:\GIT PROJECTS\NovaForge\cpp_server\include\ecs\single_component_system.h(11,11):
      see declaration of 'atlas::ecs'
  
C:\GIT PROJECTS\NovaForge\cpp_server\include\systems\fleet_positional_audio_system.h(90,31): error C2061: syntax error: identifier 'Entity' [C:\GIT PROJECTS\NovaForge\build\atlas_tests\AtlasTests.vcxproj]
  (compiling source file '../../atlas_tests/test_fleet_positional_audio.cpp')
  
  FleetFormationPanel.cpp
C:\GIT PROJECTS\NovaForge\cpp_server\include\ecs\single_component_system.h(61,34): error C2061: syntax error: identifier 'Entity' [C:\GIT PROJECTS\NovaForge\build\editor\AtlasEditor.vcxproj]
  (compiling source file '../../editor/main.cpp')
      C:\GIT PROJECTS\NovaForge\cpp_server\include\ecs\single_component_system.h(61,34):
      the template instantiation context (the oldest one first) is
          C:\GIT PROJECTS\NovaForge\cpp_server\include\ecs\single_component_system.h(78,2):
          see reference to class template instantiation 'atlas::ecs::SingleComponentSystem<C>' being compiled
  
C:\GIT PROJECTS\NovaForge\cpp_server\include\systems\fleet_formation_system.h(77,31): error C2039: 'Entity': is not a member of 'atlas::ecs' [C:\GIT PROJECTS\NovaForge\build\editor\AtlasEditor.vcxproj]
  (compiling source file '../../editor/main.cpp')
      C:\GIT PROJECTS\NovaForge\cpp_server\include\ecs\single_component_system.h(11,11):
      see declaration of 'atlas::ecs'
  
C:\GIT PROJECTS\NovaForge\cpp_server\include\systems\fleet_formation_system.h(77,31): error C2061: syntax error: identifier 'Entity' [C:\GIT PROJECTS\NovaForge\build\editor\AtlasEditor.vcxproj]
  (compiling source file '../../editor/main.cpp')
  
  FleetFormationPanel.cpp
C:\GIT PROJECTS\NovaForge\cpp_server\include\ecs\single_component_system.h(61,34): error C2061: syntax error: identifier 'Entity' [C:\GIT PROJECTS\NovaForge\build\atlas_tests\AtlasTests.vcxproj]
  (compiling source file '../../editor/tools/FleetFormationPanel.cpp')
      C:\GIT PROJECTS\NovaForge\cpp_server\include\ecs\single_component_system.h(61,34):
      the template instantiation context (the oldest one first) is
          C:\GIT PROJECTS\NovaForge\cpp_server\include\ecs\single_component_system.h(78,2):
          see reference to class template instantiation 'atlas::ecs::SingleComponentSystem<C>' being compiled
  
C:\GIT PROJECTS\NovaForge\cpp_server\include\ecs\single_component_system.h(61,34): error C2061: syntax error: identifier 'Entity' [C:\GIT PROJECTS\NovaForge\build\editor\AtlasEditor.vcxproj]
  (compiling source file '../../editor/tools/FleetFormationPanel.cpp')
      C:\GIT PROJECTS\NovaForge\cpp_server\include\ecs\single_component_system.h(61,34):
      the template instantiation context (the oldest one first) is
          C:\GIT PROJECTS\NovaForge\cpp_server\include\ecs\single_component_system.h(78,2):
          see reference to class template instantiation 'atlas::ecs::SingleComponentSystem<C>' being compiled
  
C:\GIT PROJECTS\NovaForge\cpp_server\include\systems\fleet_formation_system.h(77,31): error C2039: 'Entity': is not a member of 'atlas::ecs' [C:\GIT PROJECTS\NovaForge\build\atlas_tests\AtlasTests.vcxproj]
  (compiling source file '../../editor/tools/FleetFormationPanel.cpp')
      C:\GIT PROJECTS\NovaForge\cpp_server\include\ecs\component.h(9,11):
      see declaration of 'atlas::ecs'
  
C:\GIT PROJECTS\NovaForge\cpp_server\include\systems\fleet_formation_system.h(77,31): error C2061: syntax error: identifier 'Entity' [C:\GIT PROJECTS\NovaForge\build\atlas_tests\AtlasTests.vcxproj]
  (compiling source file '../../editor/tools/FleetFormationPanel.cpp')
  
  Generating Code...
C:\GIT PROJECTS\NovaForge\cpp_server\include\systems\fleet_formation_system.h(77,31): error C2039: 'Entity': is not a member of 'atlas::ecs' [C:\GIT PROJECTS\NovaForge\build\editor\AtlasEditor.vcxproj]
  (compiling source file '../../editor/tools/FleetFormationPanel.cpp')
      C:\GIT PROJECTS\NovaForge\cpp_server\include\ecs\component.h(9,11):
      see declaration of 'atlas::ecs'
  
C:\GIT PROJECTS\NovaForge\cpp_server\include\systems\fleet_formation_system.h(77,31): error C2061: syntax error: identifier 'Entity' [C:\GIT PROJECTS\NovaForge\build\editor\AtlasEditor.vcxproj]
  (compiling source file '../../editor/tools/FleetFormationPanel.cpp')
  
  Generating Code...
