Log file: /c/GIT PROJECTS/NovaForge/logs/build_all_20260307_102543.log

================================================
Nova Forge - Windows Build (All Targets)
================================================

Checking dependencies...
  CMake cmake version 4.2.3
  Visual Studio: Visual Studio 17 2022
  vcpkg: C:\vcpkg

Clearing CMake cache to avoid generator conflicts...

Configuration:
  Build Type:   Release
  Build Dir:    /c/GIT PROJECTS/NovaForge/build
  Output Dir:   /c/GIT PROJECTS/NovaForge/build/bin
  Run Tests:    false
  Generator:    Visual Studio 17 2022
  Architecture: x64

Configuring CMake (Release) — all targets...
-- Selecting Windows SDK version 10.0.26100.0 to target Windows 10.0.19045.
-- The C compiler identification is MSVC 19.38.33145.0
-- The CXX compiler identification is MSVC 19.38.33145.0
-- Detecting C compiler ABI info
-- Detecting C compiler ABI info - done
-- Check for working C compiler: C:/Program Files/Microsoft Visual Studio/2022/Community/VC/Tools/MSVC/14.38.33130/bin/Hostx64/x64/cl.exe - skipped
-- Detecting C compile features
-- Detecting C compile features - done
-- Detecting CXX compiler ABI info
-- Detecting CXX compiler ABI info - done
-- Check for working CXX compiler: C:/Program Files/Microsoft Visual Studio/2022/Community/VC/Tools/MSVC/14.38.33130/bin/Hostx64/x64/cl.exe - skipped
-- Detecting CXX compile features
-- Detecting CXX compile features - done
-- Adding Atlas Engine library...
-- Adding Atlas Editor...
-- Found OpenGL: opengl32
-- Performing Test CMAKE_HAVE_LIBC_PTHREAD
-- Performing Test CMAKE_HAVE_LIBC_PTHREAD - Failed
-- Looking for pthread_create in pthreads
-- Looking for pthread_create in pthreads - not found
-- Looking for pthread_create in pthread
-- Looking for pthread_create in pthread - not found
-- Found Threads: TRUE
-- AtlasEditor: using system GLEW
-- Adding Atlas Engine tests...
-- GLM found -- camera & character select tests enabled
-- Adding C++ Client to solution...
-- OpenAL found - audio support enabled
-- GLEW found - using system GLEW
-- Using system GLEW (GLAD not needed)
-- Using system nlohmann/json
-- Using bundled STB image loader
-- Using bundled tinyobjloader for .obj model loading
-- Using bundled tinygltf for .gltf/.glb model loading
-- RmlUi disabled (UI stubs only). Enable with -DUSE_RMLUI=ON
--   Editor tool layer: ENABLED (F12 toggle)
-- OBJ models archive not found at C:/GIT PROJECTS/NovaForge/cpp_client/../data/ships/obj_models/obj_models.7z
-- 7z not found - testing model archives will be extracted at runtime by ReferenceModelAnalyzer
-- Building test suite...
-- 
-- Atlas Client Configuration:
--   C++ Standard: 17
--   OpenGL: 
--   Use System Libraries: ON
--   Build Tests: ON
--   RmlUi Enabled: OFF
-- 
-- Adding C++ Server to solution...
-- Found ZLIB: optimized;C:/vcpkg/installed/x64-windows/lib/zlib.lib;debug;C:/vcpkg/installed/x64-windows/debug/lib/zlibd.lib (found version "1.3.1")
CMake Warning at cpp_server/CMakeLists.txt:734 (message):
  Steamworks SDK not found.  Steam integration will be disabled.


CMake Warning at cpp_server/CMakeLists.txt:735 (message):
  Download SDK from: https://partner.steamgames.com/


-- 
-- Atlas Dedicated Server Configuration:
--   C++ Standard: 17
--   Steam Integration: OFF
--   Build Tests: ON
-- 
-- 
-- Atlas Configuration:
--   C++ Standard: 17
--   Atlas Engine:  ON
--   Atlas Editor:  ON
--   Atlas Tests:   ON
--   Game Client:   ON
--   Game Server:   ON
--   Editor Tools:  ON
-- 
-- After generation, open the solution file in Visual Studio:
--   build_vs/Atlas.sln
-- 
-- Configuring done (5.0s)
-- Generating done (0.8s)
-- Build files have been written to: C:/GIT PROJECTS/NovaForge/build

Building all targets (Engine, Editor, Client, Server, Tests)...
MSBuild version 17.14.40+3e7442088 for .NET Framework

  Checking File Globs
  test_audio_system.vcxproj -> C:\GIT PROJECTS\NovaForge\build\bin\Release\test_audio_system.exe
  test_asteroid_field.vcxproj -> C:\GIT PROJECTS\NovaForge\build\bin\Release\test_asteroid_field.exe
  test_entity_sync.vcxproj -> C:\GIT PROJECTS\NovaForge\build\bin\Release\test_entity_sync.exe
  test_deferred_rendering.vcxproj -> C:\GIT PROJECTS\NovaForge\build\bin\Release\test_deferred_rendering.exe
  test_layout_manager.vcxproj -> C:\GIT PROJECTS\NovaForge\build\bin\Release\test_layout_manager.exe
  AtlasEngine.vcxproj -> C:\GIT PROJECTS\NovaForge\build\engine\Release\AtlasEngine.lib
  test_model_analyzer.vcxproj -> C:\GIT PROJECTS\NovaForge\build\bin\Release\test_model_analyzer.exe
  test_atlas_ui.vcxproj -> C:\GIT PROJECTS\NovaForge\build\bin\Release\test_atlas_ui.exe
  test_network.vcxproj -> C:\GIT PROJECTS\NovaForge\build\bin\Release\test_network.exe
  test_post_processing.vcxproj -> C:\GIT PROJECTS\NovaForge\build\bin\Release\test_post_processing.exe
  test_server_responses.vcxproj -> C:\GIT PROJECTS\NovaForge\build\bin\Release\test_server_responses.exe
  test_shadow_mapping.vcxproj -> C:\GIT PROJECTS\NovaForge\build\bin\Release\test_shadow_mapping.exe
  test_ship_physics.vcxproj -> C:\GIT PROJECTS\NovaForge\build\bin\Release\test_ship_physics.exe
  test_fleet_formation.cpp
  server.cpp
  main.cpp
  editor_tool_layer.cpp
  test_mission_editor.cpp
C:\GIT PROJECTS\NovaForge\cpp_server\include\ecs\single_component_system.h(53,25): error C2027: use of undefined type 'atlas::ecs::World' [C:\GIT PROJECTS\NovaForge\build\atlas_tests\AtlasTests.vcxproj]
  (compiling source file '../../atlas_tests/test_fleet_formation.cpp')
      C:\GIT PROJECTS\NovaForge\cpp_server\include\ecs\system.h(10,7):
      see declaration of 'atlas::ecs::World'
      C:\GIT PROJECTS\NovaForge\cpp_server\include\ecs\single_component_system.h(53,25):
      the template instantiation context (the oldest one first) is
          C:\GIT PROJECTS\NovaForge\cpp_server\include\systems\fleet_formation_system.h(19,42):
          see reference to class template instantiation 'atlas::ecs::SingleComponentSystem<atlas::components::FleetFormation>' being compiled
          C:\GIT PROJECTS\NovaForge\cpp_server\include\ecs\single_component_system.h(52,10):
          while compiling class template member function 'void atlas::ecs::SingleComponentSystem<atlas::components::FleetFormation>::update(float)'
  
C:\GIT PROJECTS\NovaForge\cpp_server\include\ecs\single_component_system.h(53,48): error C2059: syntax error: ')' [C:\GIT PROJECTS\NovaForge\build\atlas_tests\AtlasTests.vcxproj]
  (compiling source file '../../atlas_tests/test_fleet_formation.cpp')
  
C:\GIT PROJECTS\NovaForge\cpp_server\include\ecs\single_component_system.h(54,1): error C3531: 'entity': a symbol whose type contains 'auto' must have an initializer [C:\GIT PROJECTS\NovaForge\build\atlas_tests\AtlasTests.vcxproj]
  (compiling source file '../../atlas_tests/test_fleet_formation.cpp')
  
C:\GIT PROJECTS\NovaForge\cpp_server\include\ecs\single_component_system.h(54,27): error C2143: syntax error: missing ';' before ':' [C:\GIT PROJECTS\NovaForge\build\atlas_tests\AtlasTests.vcxproj]
  (compiling source file '../../atlas_tests/test_fleet_formation.cpp')
  
C:\GIT PROJECTS\NovaForge\cpp_server\include\ecs\single_component_system.h(54,29): error C3536: 'entities': cannot be used before it is initialized [C:\GIT PROJECTS\NovaForge\build\atlas_tests\AtlasTests.vcxproj]
  (compiling source file '../../atlas_tests/test_fleet_formation.cpp')
  
C:\GIT PROJECTS\NovaForge\cpp_server\include\ecs\single_component_system.h(54,37): error C2143: syntax error: missing ';' before ')' [C:\GIT PROJECTS\NovaForge\build\atlas_tests\AtlasTests.vcxproj]
  (compiling source file '../../atlas_tests/test_fleet_formation.cpp')
  
C:\GIT PROJECTS\NovaForge\cpp_server\include\ecs\single_component_system.h(55,34): error C2187: syntax error: 'template' was unexpected here [C:\GIT PROJECTS\NovaForge\build\atlas_tests\AtlasTests.vcxproj]
  (compiling source file '../../atlas_tests/test_fleet_formation.cpp')
  
C:\GIT PROJECTS\NovaForge\cpp_server\include\ecs\single_component_system.h(55,59): error C2059: syntax error: ')' [C:\GIT PROJECTS\NovaForge\build\atlas_tests\AtlasTests.vcxproj]
  (compiling source file '../../atlas_tests/test_fleet_formation.cpp')
  
C:\GIT PROJECTS\NovaForge\cpp_server\include\ecs\single_component_system.h(56,18): error C3536: 'comp': cannot be used before it is initialized [C:\GIT PROJECTS\NovaForge\build\atlas_tests\AtlasTests.vcxproj]
  (compiling source file '../../atlas_tests/test_fleet_formation.cpp')
  
C:\GIT PROJECTS\NovaForge\cpp_server\include\ecs\single_component_system.h(57,29): error C2100: illegal indirection [C:\GIT PROJECTS\NovaForge\build\atlas_tests\AtlasTests.vcxproj]
  (compiling source file '../../atlas_tests/test_fleet_formation.cpp')
  
C:\GIT PROJECTS\NovaForge\cpp_server\include\ecs\single_component_system.h(57,38): error C2100: illegal indirection [C:\GIT PROJECTS\NovaForge\build\atlas_tests\AtlasTests.vcxproj]
  (compiling source file '../../atlas_tests/test_fleet_formation.cpp')
  
  FleetFormationPanel.cpp
C:\GIT PROJECTS\NovaForge\cpp_server\include\ecs\single_component_system.h(53,33): error C2039: 'getEntities': is not a member of 'atlas::ecs::World' [C:\GIT PROJECTS\NovaForge\build\editor\AtlasEditor.vcxproj]
  (compiling source file '../../editor/main.cpp')
      C:\GIT PROJECTS\NovaForge\cpp_server\include\ecs\system.h(10,7):
      see declaration of 'atlas::ecs::World'
      C:\GIT PROJECTS\NovaForge\cpp_server\include\ecs\single_component_system.h(53,33):
      the template instantiation context (the oldest one first) is
          C:\GIT PROJECTS\NovaForge\cpp_server\include\systems\fleet_formation_system.h(19,42):
          see reference to class template instantiation 'atlas::ecs::SingleComponentSystem<atlas::components::FleetFormation>' being compiled
          C:\GIT PROJECTS\NovaForge\cpp_server\include\ecs\single_component_system.h(52,10):
          while compiling class template member function 'void atlas::ecs::SingleComponentSystem<atlas::components::FleetFormation>::update(float)'
  
C:\GIT PROJECTS\NovaForge\cpp_server\include\ecs\single_component_system.h(53,48): error C2059: syntax error: ')' [C:\GIT PROJECTS\NovaForge\build\editor\AtlasEditor.vcxproj]
  (compiling source file '../../editor/main.cpp')
  
C:\GIT PROJECTS\NovaForge\cpp_server\include\ecs\single_component_system.h(54,1): error C3531: 'entity': a symbol whose type contains 'auto' must have an initializer [C:\GIT PROJECTS\NovaForge\build\editor\AtlasEditor.vcxproj]
  (compiling source file '../../editor/main.cpp')
  
C:\GIT PROJECTS\NovaForge\cpp_server\include\ecs\single_component_system.h(54,27): error C2143: syntax error: missing ';' before ':' [C:\GIT PROJECTS\NovaForge\build\editor\AtlasEditor.vcxproj]
  (compiling source file '../../editor/main.cpp')
  
C:\GIT PROJECTS\NovaForge\cpp_server\include\ecs\single_component_system.h(54,29): error C3536: 'entities': cannot be used before it is initialized [C:\GIT PROJECTS\NovaForge\build\editor\AtlasEditor.vcxproj]
  (compiling source file '../../editor/main.cpp')
  
C:\GIT PROJECTS\NovaForge\cpp_server\include\ecs\single_component_system.h(54,37): error C2143: syntax error: missing ';' before ')' [C:\GIT PROJECTS\NovaForge\build\editor\AtlasEditor.vcxproj]
  (compiling source file '../../editor/main.cpp')
  
C:\GIT PROJECTS\NovaForge\cpp_server\include\ecs\single_component_system.h(55,34): error C2187: syntax error: 'template' was unexpected here [C:\GIT PROJECTS\NovaForge\build\editor\AtlasEditor.vcxproj]
  (compiling source file '../../editor/main.cpp')
  
C:\GIT PROJECTS\NovaForge\cpp_server\include\ecs\single_component_system.h(55,59): error C2059: syntax error: ')' [C:\GIT PROJECTS\NovaForge\build\editor\AtlasEditor.vcxproj]
  (compiling source file '../../editor/main.cpp')
  
C:\GIT PROJECTS\NovaForge\cpp_server\include\ecs\single_component_system.h(56,18): error C3536: 'comp': cannot be used before it is initialized [C:\GIT PROJECTS\NovaForge\build\editor\AtlasEditor.vcxproj]
  (compiling source file '../../editor/main.cpp')
  
C:\GIT PROJECTS\NovaForge\cpp_server\include\ecs\single_component_system.h(57,29): error C2100: illegal indirection [C:\GIT PROJECTS\NovaForge\build\editor\AtlasEditor.vcxproj]
  (compiling source file '../../editor/main.cpp')
  
C:\GIT PROJECTS\NovaForge\cpp_server\include\ecs\single_component_system.h(57,38): error C2100: illegal indirection [C:\GIT PROJECTS\NovaForge\build\editor\AtlasEditor.vcxproj]
  (compiling source file '../../editor/main.cpp')
  
C:\GIT PROJECTS\NovaForge\cpp_server\include\ecs\single_component_system.h(53,25): error C2027: use of undefined type 'atlas::ecs::World' [C:\GIT PROJECTS\NovaForge\build\editor\AtlasEditor.vcxproj]
  (compiling source file '../../editor/tools/FleetFormationPanel.cpp')
      C:\GIT PROJECTS\NovaForge\cpp_server\include\ecs\system.h(10,7):
      see declaration of 'atlas::ecs::World'
      C:\GIT PROJECTS\NovaForge\cpp_server\include\ecs\single_component_system.h(53,25):
      the template instantiation context (the oldest one first) is
          C:\GIT PROJECTS\NovaForge\cpp_server\include\systems\fleet_formation_system.h(19,42):
          see reference to class template instantiation 'atlas::ecs::SingleComponentSystem<atlas::components::FleetFormation>' being compiled
          C:\GIT PROJECTS\NovaForge\cpp_server\include\ecs\single_component_system.h(52,10):
          while compiling class template member function 'void atlas::ecs::SingleComponentSystem<atlas::components::FleetFormation>::update(float)'
  
C:\GIT PROJECTS\NovaForge\cpp_server\include\ecs\single_component_system.h(53,48): error C2059: syntax error: ')' [C:\GIT PROJECTS\NovaForge\build\editor\AtlasEditor.vcxproj]
  (compiling source file '../../editor/tools/FleetFormationPanel.cpp')
  
C:\GIT PROJECTS\NovaForge\cpp_server\include\ecs\single_component_system.h(54,1): error C3531: 'entity': a symbol whose type contains 'auto' must have an initializer [C:\GIT PROJECTS\NovaForge\build\editor\AtlasEditor.vcxproj]
  (compiling source file '../../editor/tools/FleetFormationPanel.cpp')
  
C:\GIT PROJECTS\NovaForge\cpp_server\include\ecs\single_component_system.h(54,27): error C2143: syntax error: missing ';' before ':' [C:\GIT PROJECTS\NovaForge\build\editor\AtlasEditor.vcxproj]
  (compiling source file '../../editor/tools/FleetFormationPanel.cpp')
  
C:\GIT PROJECTS\NovaForge\cpp_server\include\ecs\single_component_system.h(54,29): error C3536: 'entities': cannot be used before it is initialized [C:\GIT PROJECTS\NovaForge\build\editor\AtlasEditor.vcxproj]
  (compiling source file '../../editor/tools/FleetFormationPanel.cpp')
  
C:\GIT PROJECTS\NovaForge\cpp_server\include\ecs\single_component_system.h(54,37): error C2143: syntax error: missing ';' before ')' [C:\GIT PROJECTS\NovaForge\build\editor\AtlasEditor.vcxproj]
  (compiling source file '../../editor/tools/FleetFormationPanel.cpp')
  
C:\GIT PROJECTS\NovaForge\cpp_server\include\ecs\single_component_system.h(55,34): error C2187: syntax error: 'template' was unexpected here [C:\GIT PROJECTS\NovaForge\build\editor\AtlasEditor.vcxproj]
  (compiling source file '../../editor/tools/FleetFormationPanel.cpp')
  
C:\GIT PROJECTS\NovaForge\cpp_server\include\ecs\single_component_system.h(55,59): error C2059: syntax error: ')' [C:\GIT PROJECTS\NovaForge\build\editor\AtlasEditor.vcxproj]
  (compiling source file '../../editor/tools/FleetFormationPanel.cpp')
  
C:\GIT PROJECTS\NovaForge\cpp_server\include\ecs\single_component_system.h(56,18): error C3536: 'comp': cannot be used before it is initialized [C:\GIT PROJECTS\NovaForge\build\editor\AtlasEditor.vcxproj]
  (compiling source file '../../editor/tools/FleetFormationPanel.cpp')
  
C:\GIT PROJECTS\NovaForge\cpp_server\include\ecs\single_component_system.h(57,29): error C2100: illegal indirection [C:\GIT PROJECTS\NovaForge\build\editor\AtlasEditor.vcxproj]
  (compiling source file '../../editor/tools/FleetFormationPanel.cpp')
  
C:\GIT PROJECTS\NovaForge\cpp_server\include\ecs\single_component_system.h(57,38): error C2100: illegal indirection [C:\GIT PROJECTS\NovaForge\build\editor\AtlasEditor.vcxproj]
  (compiling source file '../../editor/tools/FleetFormationPanel.cpp')
  
  MissionEditorPanel.cpp
  game_session_network.cpp
  FleetFormationPanel.cpp
  test_warp_performance_budget.cpp
C:\GIT PROJECTS\NovaForge\cpp_server\include\ecs\single_component_system.h(53,25): error C2027: use of undefined type 'atlas::ecs::World' [C:\GIT PROJECTS\NovaForge\build\atlas_tests\AtlasTests.vcxproj]
  (compiling source file '../../atlas_tests/test_warp_performance_budget.cpp')
      C:\GIT PROJECTS\NovaForge\cpp_server\include\ecs\system.h(10,7):
      see declaration of 'atlas::ecs::World'
      C:\GIT PROJECTS\NovaForge\cpp_server\include\ecs\single_component_system.h(53,25):
      the template instantiation context (the oldest one first) is
          C:\GIT PROJECTS\NovaForge\cpp_server\include\systems\warp_performance_budget_system.h(29,49):
          see reference to class template instantiation 'atlas::ecs::SingleComponentSystem<atlas::components::WarpPerformanceBudget>' being compiled
          C:\GIT PROJECTS\NovaForge\cpp_server\include\ecs\single_component_system.h(52,10):
          while compiling class template member function 'void atlas::ecs::SingleComponentSystem<atlas::components::WarpPerformanceBudget>::update(float)'
  
C:\GIT PROJECTS\NovaForge\cpp_server\include\ecs\single_component_system.h(53,48): error C2059: syntax error: ')' [C:\GIT PROJECTS\NovaForge\build\atlas_tests\AtlasTests.vcxproj]
  (compiling source file '../../atlas_tests/test_warp_performance_budget.cpp')
  
C:\GIT PROJECTS\NovaForge\cpp_server\include\ecs\single_component_system.h(54,1): error C3531: 'entity': a symbol whose type contains 'auto' must have an initializer [C:\GIT PROJECTS\NovaForge\build\atlas_tests\AtlasTests.vcxproj]
  (compiling source file '../../atlas_tests/test_warp_performance_budget.cpp')
  
C:\GIT PROJECTS\NovaForge\cpp_server\include\ecs\single_component_system.h(54,27): error C2143: syntax error: missing ';' before ':' [C:\GIT PROJECTS\NovaForge\build\atlas_tests\AtlasTests.vcxproj]
  (compiling source file '../../atlas_tests/test_warp_performance_budget.cpp')
  
C:\GIT PROJECTS\NovaForge\cpp_server\include\ecs\single_component_system.h(54,29): error C3536: 'entities': cannot be used before it is initialized [C:\GIT PROJECTS\NovaForge\build\atlas_tests\AtlasTests.vcxproj]
  (compiling source file '../../atlas_tests/test_warp_performance_budget.cpp')
  
C:\GIT PROJECTS\NovaForge\cpp_server\include\ecs\single_component_system.h(54,37): error C2143: syntax error: missing ';' before ')' [C:\GIT PROJECTS\NovaForge\build\atlas_tests\AtlasTests.vcxproj]
  (compiling source file '../../atlas_tests/test_warp_performance_budget.cpp')
  
C:\GIT PROJECTS\NovaForge\cpp_server\include\ecs\single_component_system.h(55,34): error C2187: syntax error: 'template' was unexpected here [C:\GIT PROJECTS\NovaForge\build\atlas_tests\AtlasTests.vcxproj]
  (compiling source file '../../atlas_tests/test_warp_performance_budget.cpp')
  
C:\GIT PROJECTS\NovaForge\cpp_server\include\ecs\single_component_system.h(55,59): error C2059: syntax error: ')' [C:\GIT PROJECTS\NovaForge\build\atlas_tests\AtlasTests.vcxproj]
  (compiling source file '../../atlas_tests/test_warp_performance_budget.cpp')
  
C:\GIT PROJECTS\NovaForge\cpp_server\include\ecs\single_component_system.h(56,18): error C3536: 'comp': cannot be used before it is initialized [C:\GIT PROJECTS\NovaForge\build\atlas_tests\AtlasTests.vcxproj]
  (compiling source file '../../atlas_tests/test_warp_performance_budget.cpp')
  
C:\GIT PROJECTS\NovaForge\cpp_server\include\ecs\single_component_system.h(57,29): error C2100: illegal indirection [C:\GIT PROJECTS\NovaForge\build\atlas_tests\AtlasTests.vcxproj]
  (compiling source file '../../atlas_tests/test_warp_performance_budget.cpp')
  
C:\GIT PROJECTS\NovaForge\cpp_server\include\ecs\single_component_system.h(57,38): error C2100: illegal indirection [C:\GIT PROJECTS\NovaForge\build\atlas_tests\AtlasTests.vcxproj]
  (compiling source file '../../atlas_tests/test_warp_performance_budget.cpp')
  
  test_fleet_positional_audio.cpp
C:\GIT PROJECTS\NovaForge\cpp_server\include\ecs\single_component_system.h(53,25): error C2027: use of undefined type 'atlas::ecs::World' [C:\GIT PROJECTS\NovaForge\build\atlas_tests\AtlasTests.vcxproj]
  (compiling source file '../../atlas_tests/test_fleet_positional_audio.cpp')
      C:\GIT PROJECTS\NovaForge\cpp_server\include\ecs\system.h(10,7):
      see declaration of 'atlas::ecs::World'
      C:\GIT PROJECTS\NovaForge\cpp_server\include\ecs\single_component_system.h(53,25):
      the template instantiation context (the oldest one first) is
          C:\GIT PROJECTS\NovaForge\cpp_server\include\systems\fleet_positional_audio_system.h(32,48):
          see reference to class template instantiation 'atlas::ecs::SingleComponentSystem<atlas::components::PositionalAudioSource>' being compiled
          C:\GIT PROJECTS\NovaForge\cpp_server\include\ecs\single_component_system.h(52,10):
          while compiling class template member function 'void atlas::ecs::SingleComponentSystem<atlas::components::PositionalAudioSource>::update(float)'
  
C:\GIT PROJECTS\NovaForge\cpp_server\include\ecs\single_component_system.h(53,48): error C2059: syntax error: ')' [C:\GIT PROJECTS\NovaForge\build\atlas_tests\AtlasTests.vcxproj]
  (compiling source file '../../atlas_tests/test_fleet_positional_audio.cpp')
  
C:\GIT PROJECTS\NovaForge\cpp_server\include\ecs\single_component_system.h(54,1): error C3531: 'entity': a symbol whose type contains 'auto' must have an initializer [C:\GIT PROJECTS\NovaForge\build\atlas_tests\AtlasTests.vcxproj]
  (compiling source file '../../atlas_tests/test_fleet_positional_audio.cpp')
  
C:\GIT PROJECTS\NovaForge\cpp_server\include\ecs\single_component_system.h(54,27): error C2143: syntax error: missing ';' before ':' [C:\GIT PROJECTS\NovaForge\build\atlas_tests\AtlasTests.vcxproj]
  (compiling source file '../../atlas_tests/test_fleet_positional_audio.cpp')
  
C:\GIT PROJECTS\NovaForge\cpp_server\include\ecs\single_component_system.h(54,29): error C3536: 'entities': cannot be used before it is initialized [C:\GIT PROJECTS\NovaForge\build\atlas_tests\AtlasTests.vcxproj]
  (compiling source file '../../atlas_tests/test_fleet_positional_audio.cpp')
  
C:\GIT PROJECTS\NovaForge\cpp_server\include\ecs\single_component_system.h(54,37): error C2143: syntax error: missing ';' before ')' [C:\GIT PROJECTS\NovaForge\build\atlas_tests\AtlasTests.vcxproj]
  (compiling source file '../../atlas_tests/test_fleet_positional_audio.cpp')
  
C:\GIT PROJECTS\NovaForge\cpp_server\include\ecs\single_component_system.h(55,34): error C2187: syntax error: 'template' was unexpected here [C:\GIT PROJECTS\NovaForge\build\atlas_tests\AtlasTests.vcxproj]
  (compiling source file '../../atlas_tests/test_fleet_positional_audio.cpp')
  
C:\GIT PROJECTS\NovaForge\cpp_server\include\ecs\single_component_system.h(55,59): error C2059: syntax error: ')' [C:\GIT PROJECTS\NovaForge\build\atlas_tests\AtlasTests.vcxproj]
  (compiling source file '../../atlas_tests/test_fleet_positional_audio.cpp')
  
C:\GIT PROJECTS\NovaForge\cpp_server\include\ecs\single_component_system.h(56,18): error C3536: 'comp': cannot be used before it is initialized [C:\GIT PROJECTS\NovaForge\build\atlas_tests\AtlasTests.vcxproj]
  (compiling source file '../../atlas_tests/test_fleet_positional_audio.cpp')
  
C:\GIT PROJECTS\NovaForge\cpp_server\include\ecs\single_component_system.h(57,29): error C2100: illegal indirection [C:\GIT PROJECTS\NovaForge\build\atlas_tests\AtlasTests.vcxproj]
  (compiling source file '../../atlas_tests/test_fleet_positional_audio.cpp')
  
C:\GIT PROJECTS\NovaForge\cpp_server\include\ecs\single_component_system.h(57,38): error C2100: illegal indirection [C:\GIT PROJECTS\NovaForge\build\atlas_tests\AtlasTests.vcxproj]
  (compiling source file '../../atlas_tests/test_fleet_positional_audio.cpp')
  
  FleetFormationPanel.cpp
C:\GIT PROJECTS\NovaForge\cpp_server\include\ecs\single_component_system.h(53,25): error C2027: use of undefined type 'atlas::ecs::World' [C:\GIT PROJECTS\NovaForge\build\atlas_tests\AtlasTests.vcxproj]
  (compiling source file '../../editor/tools/FleetFormationPanel.cpp')
      C:\GIT PROJECTS\NovaForge\cpp_server\include\ecs\system.h(10,7):
      see declaration of 'atlas::ecs::World'
      C:\GIT PROJECTS\NovaForge\cpp_server\include\ecs\single_component_system.h(53,25):
      the template instantiation context (the oldest one first) is
          C:\GIT PROJECTS\NovaForge\cpp_server\include\systems\fleet_formation_system.h(19,42):
          see reference to class template instantiation 'atlas::ecs::SingleComponentSystem<atlas::components::FleetFormation>' being compiled
          C:\GIT PROJECTS\NovaForge\cpp_server\include\ecs\single_component_system.h(52,10):
          while compiling class template member function 'void atlas::ecs::SingleComponentSystem<atlas::components::FleetFormation>::update(float)'
  
C:\GIT PROJECTS\NovaForge\cpp_server\include\ecs\single_component_system.h(53,48): error C2059: syntax error: ')' [C:\GIT PROJECTS\NovaForge\build\atlas_tests\AtlasTests.vcxproj]
  (compiling source file '../../editor/tools/FleetFormationPanel.cpp')
  
C:\GIT PROJECTS\NovaForge\cpp_server\include\ecs\single_component_system.h(54,1): error C3531: 'entity': a symbol whose type contains 'auto' must have an initializer [C:\GIT PROJECTS\NovaForge\build\atlas_tests\AtlasTests.vcxproj]
  (compiling source file '../../editor/tools/FleetFormationPanel.cpp')
  
C:\GIT PROJECTS\NovaForge\cpp_server\include\ecs\single_component_system.h(54,27): error C2143: syntax error: missing ';' before ':' [C:\GIT PROJECTS\NovaForge\build\atlas_tests\AtlasTests.vcxproj]
  (compiling source file '../../editor/tools/FleetFormationPanel.cpp')
  
C:\GIT PROJECTS\NovaForge\cpp_server\include\ecs\single_component_system.h(54,29): error C3536: 'entities': cannot be used before it is initialized [C:\GIT PROJECTS\NovaForge\build\atlas_tests\AtlasTests.vcxproj]
  (compiling source file '../../editor/tools/FleetFormationPanel.cpp')
  
C:\GIT PROJECTS\NovaForge\cpp_server\include\ecs\single_component_system.h(54,37): error C2143: syntax error: missing ';' before ')' [C:\GIT PROJECTS\NovaForge\build\atlas_tests\AtlasTests.vcxproj]
  (compiling source file '../../editor/tools/FleetFormationPanel.cpp')
  
C:\GIT PROJECTS\NovaForge\cpp_server\include\ecs\single_component_system.h(55,34): error C2187: syntax error: 'template' was unexpected here [C:\GIT PROJECTS\NovaForge\build\atlas_tests\AtlasTests.vcxproj]
  (compiling source file '../../editor/tools/FleetFormationPanel.cpp')
  
C:\GIT PROJECTS\NovaForge\cpp_server\include\ecs\single_component_system.h(55,59): error C2059: syntax error: ')' [C:\GIT PROJECTS\NovaForge\build\atlas_tests\AtlasTests.vcxproj]
  (compiling source file '../../editor/tools/FleetFormationPanel.cpp')
  
C:\GIT PROJECTS\NovaForge\cpp_server\include\ecs\single_component_system.h(56,18): error C3536: 'comp': cannot be used before it is initialized [C:\GIT PROJECTS\NovaForge\build\atlas_tests\AtlasTests.vcxproj]
  (compiling source file '../../editor/tools/FleetFormationPanel.cpp')
  
C:\GIT PROJECTS\NovaForge\cpp_server\include\ecs\single_component_system.h(57,29): error C2100: illegal indirection [C:\GIT PROJECTS\NovaForge\build\atlas_tests\AtlasTests.vcxproj]
  (compiling source file '../../editor/tools/FleetFormationPanel.cpp')
  
C:\GIT PROJECTS\NovaForge\cpp_server\include\ecs\single_component_system.h(57,38): error C2100: illegal indirection [C:\GIT PROJECTS\NovaForge\build\atlas_tests\AtlasTests.vcxproj]
  (compiling source file '../../editor/tools/FleetFormationPanel.cpp')
  
  MissionEditorPanel.cpp
  Generating Code...
  MissionEditorPanel.cpp
  game_session_entities.cpp
  Generating Code...
  Generating Code...
  combat_handler.cpp
editor_tool_layer.obj : error LNK2019: unresolved external symbol "public: void __cdecl atlas::editor::UndoableCommandBus::ProcessCommands(void)" (?ProcessCommands@UndoableCommandBus@editor@atlas@@QEAAXXZ) referenced in function "public: void __cdecl atlas::editor::EditorToolLayer::draw(class atlas::AtlasContext &)" (?draw@EditorToolLayer@editor@atlas@@QEAAXAEAVAtlasContext@3@@Z) [C:\GIT PROJECTS\NovaForge\build\cpp_client\atlas_client.vcxproj]
editor_tool_layer.obj : error LNK2019: unresolved external symbol "public: __cdecl atlas::editor::AssetPalettePanel::AssetPalettePanel(void)" (??0AssetPalettePanel@editor@atlas@@QEAA@XZ) referenced in function "class std::unique_ptr<class atlas::editor::AssetPalettePanel,struct std::default_delete<class atlas::editor::AssetPalettePanel> > __cdecl std::make_unique<class atlas::editor::AssetPalettePanel,0>(void)" (??$make_unique@VAssetPalettePanel@editor@atlas@@$$V$0A@@std@@YA?AV?$unique_ptr@VAssetPalettePanel@editor@atlas@@U?$default_delete@VAssetPalettePanel@editor@atlas@@@std@@@0@XZ) [C:\GIT PROJECTS\NovaForge\build\cpp_client\atlas_client.vcxproj]
editor_tool_layer.obj : error LNK2019: unresolved external symbol "public: __cdecl atlas::editor::PhysicsTunerPanel::PhysicsTunerPanel(void)" (??0PhysicsTunerPanel@editor@atlas@@QEAA@XZ) referenced in function "class std::unique_ptr<class atlas::editor::PhysicsTunerPanel,struct std::default_delete<class atlas::editor::PhysicsTunerPanel> > __cdecl std::make_unique<class atlas::editor::PhysicsTunerPanel,0>(void)" (??$make_unique@VPhysicsTunerPanel@editor@atlas@@$$V$0A@@std@@YA?AV?$unique_ptr@VPhysicsTunerPanel@editor@atlas@@U?$default_delete@VPhysicsTunerPanel@editor@atlas@@@std@@@0@XZ) [C:\GIT PROJECTS\NovaForge\build\cpp_client\atlas_client.vcxproj]
editor_tool_layer.obj : error LNK2019: unresolved external symbol "public: bool __cdecl atlas::editor::SceneBookmarkManager::SaveToFile(class std::basic_string<char,struct std::char_traits<char>,class std::allocator<char> > const &)const " (?SaveToFile@SceneBookmarkManager@editor@atlas@@QEBA_NAEBV?$basic_string@DU?$char_traits@D@std@@V?$allocator@D@2@@std@@@Z) referenced in function "public: __cdecl <lambda_4d259f0c413d01d1b571f546d75c7c30>::operator()(void)const " (??R<lambda_4d259f0c413d01d1b571f546d75c7c30>@@QEBA@XZ) [C:\GIT PROJECTS\NovaForge\build\cpp_client\atlas_client.vcxproj]
editor_tool_layer.obj : error LNK2019: unresolved external symbol "public: bool __cdecl atlas::editor::SceneBookmarkManager::LoadFromFile(class std::basic_string<char,struct std::char_traits<char>,class std::allocator<char> > const &)" (?LoadFromFile@SceneBookmarkManager@editor@atlas@@QEAA_NAEBV?$basic_string@DU?$char_traits@D@std@@V?$allocator@D@2@@std@@@Z) referenced in function "public: void __cdecl atlas::editor::EditorToolLayer::init(void)" (?init@EditorToolLayer@editor@atlas@@QEAAXXZ) [C:\GIT PROJECTS\NovaForge\build\cpp_client\atlas_client.vcxproj]
C:\GIT PROJECTS\NovaForge\build\bin\Release\atlas_client.exe : fatal error LNK1120: 5 unresolved externals [C:\GIT PROJECTS\NovaForge\build\cpp_client\atlas_client.vcxproj]
  station_handler.cpp
  scanner_handler.cpp
  mission_handler.cpp
  server_console.cpp
  movement_system.cpp
  combat_system.cpp
  ai_system.cpp
  targeting_system.cpp
  weapon_system.cpp
  wormhole_system.cpp
  fleet_system.cpp
  mission_system.cpp
  skill_system.cpp
  module_system.cpp
  inventory_system.cpp
  loot_system.cpp
  Generating Code...
  Compiling...
  insurance_system.cpp
  captain_personality_system.cpp
