Log file: /c/GIT PROJECTS/NovaForge/logs/build_all_20260303_182755.log

================================================
Nova Forge - Windows Build (All Targets)
================================================

Checking dependencies...
  CMake cmake version 4.2.3
  Visual Studio: Visual Studio 17 2022
  vcpkg: C:\vcpkg

Clearing CMake cache to avoid generator conflicts...

Configuration:
  Build Type:   Release
  Build Dir:    /c/GIT PROJECTS/NovaForge/build
  Output Dir:   /c/GIT PROJECTS/NovaForge/build/bin
  Run Tests:    false
  Generator:    Visual Studio 17 2022
  Architecture: x64

Configuring CMake (Release) — all targets...
-- Selecting Windows SDK version 10.0.26100.0 to target Windows 10.0.19045.
-- The C compiler identification is MSVC 19.38.33145.0
-- The CXX compiler identification is MSVC 19.38.33145.0
-- Detecting C compiler ABI info
-- Detecting C compiler ABI info - done
-- Check for working C compiler: C:/Program Files/Microsoft Visual Studio/2022/Community/VC/Tools/MSVC/14.38.33130/bin/Hostx64/x64/cl.exe - skipped
-- Detecting C compile features
-- Detecting C compile features - done
-- Detecting CXX compiler ABI info
-- Detecting CXX compiler ABI info - done
-- Check for working CXX compiler: C:/Program Files/Microsoft Visual Studio/2022/Community/VC/Tools/MSVC/14.38.33130/bin/Hostx64/x64/cl.exe - skipped
-- Detecting CXX compile features
-- Detecting CXX compile features - done
-- Adding Atlas Engine library...
-- Adding Atlas Editor...
-- Found OpenGL: opengl32
-- Performing Test CMAKE_HAVE_LIBC_PTHREAD
-- Performing Test CMAKE_HAVE_LIBC_PTHREAD - Failed
-- Looking for pthread_create in pthreads
-- Looking for pthread_create in pthreads - not found
-- Looking for pthread_create in pthread
-- Looking for pthread_create in pthread - not found
-- Found Threads: TRUE
-- AtlasEditor: using system GLEW
-- Adding Atlas Engine tests...
-- GLM found -- camera & character select tests enabled
-- Adding C++ Client to solution...
-- OpenAL found - audio support enabled
-- GLEW found - using system GLEW
-- Using system GLEW (GLAD not needed)
-- Using system nlohmann/json
-- Using bundled STB image loader
-- Using bundled tinyobjloader for .obj model loading
-- Using bundled tinygltf for .gltf/.glb model loading
-- RmlUi disabled (UI stubs only). Enable with -DUSE_RMLUI=ON
--   Editor tool layer: DISABLED (release mode)
-- OBJ models archive not found at C:/GIT PROJECTS/NovaForge/cpp_client/../data/ships/obj_models/obj_models.7z
-- 7z not found - testing model archives will be extracted at runtime by ReferenceModelAnalyzer
-- Building test suite...
-- 
-- Atlas Client Configuration:
--   C++ Standard: 17
--   OpenGL: 
--   Use System Libraries: ON
--   Build Tests: ON
--   RmlUi Enabled: OFF
-- 
-- Adding C++ Server to solution...
-- Found ZLIB: optimized;C:/vcpkg/installed/x64-windows/lib/zlib.lib;debug;C:/vcpkg/installed/x64-windows/debug/lib/zlibd.lib (found version "1.3.1")
CMake Warning at cpp_server/CMakeLists.txt:580 (message):
  Steamworks SDK not found.  Steam integration will be disabled.


CMake Warning at cpp_server/CMakeLists.txt:581 (message):
  Download SDK from: https://partner.steamgames.com/


-- 
-- Atlas Dedicated Server Configuration:
--   C++ Standard: 17
--   Steam Integration: OFF
--   Build Tests: ON
-- 
-- 
-- Atlas Configuration:
--   C++ Standard: 17
--   Atlas Engine:  ON
--   Atlas Editor:  ON
--   Atlas Tests:   ON
--   Game Client:   ON
--   Game Server:   ON
--   Editor Tools:  OFF
-- 
-- After generation, open the solution file in Visual Studio:
--   build_vs/Atlas.sln
-- 
-- Configuring done (5.1s)
-- Generating done (0.7s)
-- Build files have been written to: C:/GIT PROJECTS/NovaForge/build

Building all targets (Engine, Editor, Client, Server, Tests)...
MSBuild version 17.14.40+3e7442088 for .NET Framework

  Checking File Globs
  test_deferred_rendering.vcxproj -> C:\GIT PROJECTS\NovaForge\build\bin\Release\test_deferred_rendering.exe
  test_atlas_ui.vcxproj -> C:\GIT PROJECTS\NovaForge\build\bin\Release\test_atlas_ui.exe
  test_asteroid_field.vcxproj -> C:\GIT PROJECTS\NovaForge\build\bin\Release\test_asteroid_field.exe
  test_layout_manager.vcxproj -> C:\GIT PROJECTS\NovaForge\build\bin\Release\test_layout_manager.exe
  AtlasEngine.vcxproj -> C:\GIT PROJECTS\NovaForge\build\engine\Release\AtlasEngine.lib
  test_entity_sync.vcxproj -> C:\GIT PROJECTS\NovaForge\build\bin\Release\test_entity_sync.exe
  test_model_analyzer.vcxproj -> C:\GIT PROJECTS\NovaForge\build\bin\Release\test_model_analyzer.exe
  test_audio_system.vcxproj -> C:\GIT PROJECTS\NovaForge\build\bin\Release\test_audio_system.exe
  test_network.vcxproj -> C:\GIT PROJECTS\NovaForge\build\bin\Release\test_network.exe
  test_server_responses.vcxproj -> C:\GIT PROJECTS\NovaForge\build\bin\Release\test_server_responses.exe
  test_post_processing.vcxproj -> C:\GIT PROJECTS\NovaForge\build\bin\Release\test_post_processing.exe
  test_shadow_mapping.vcxproj -> C:\GIT PROJECTS\NovaForge\build\bin\Release\test_shadow_mapping.exe
  test_ship_physics.vcxproj -> C:\GIT PROJECTS\NovaForge\build\bin\Release\test_ship_physics.exe
  test_systems.cpp
  AtlasEditor.vcxproj -> C:\GIT PROJECTS\NovaForge\build\bin\Release\AtlasEditor.exe
  application_input.cpp
  main.cpp
  game_session_network.cpp
C:\GIT PROJECTS\NovaForge\cpp_client\src\core\application_input.cpp(307,55): error C2039: 'getTag': is not a member of 'atlas::Entity' [C:\GIT PROJECTS\NovaForge\build\cpp_client\atlas_client.vcxproj]
      C:\GIT PROJECTS\NovaForge\cpp_client\include\ui\entity_picker.h(10,11):
      see declaration of 'atlas::Entity'
  
C:\GIT PROJECTS\NovaForge\cpp_client\src\core\application_input.cpp(307,48): error C2530: 'tag': references must be initialized [C:\GIT PROJECTS\NovaForge\build\cpp_client\atlas_client.vcxproj]
C:\GIT PROJECTS\NovaForge\cpp_client\src\core\application_input.cpp(339,55): error C2039: 'getName': is not a member of 'atlas::Entity' [C:\GIT PROJECTS\NovaForge\build\cpp_client\atlas_client.vcxproj]
      C:\GIT PROJECTS\NovaForge\cpp_client\include\ui\entity_picker.h(10,11):
      see declaration of 'atlas::Entity'
  
C:\GIT PROJECTS\NovaForge\cpp_client\src\core\application_input.cpp(339,86): error C2039: 'getName': is not a member of 'atlas::Entity' [C:\GIT PROJECTS\NovaForge\build\cpp_client\atlas_client.vcxproj]
      C:\GIT PROJECTS\NovaForge\cpp_client\include\ui\entity_picker.h(10,11):
      see declaration of 'atlas::Entity'
  
  test_scene_bookmark_manager.cpp
  scene_bookmark_manager.cpp
C:\GIT PROJECTS\NovaForge\cpp_server\include\components\ship_components.h(722,44): error C2589: '(': illegal token on right side of '::' [C:\GIT PROJECTS\NovaForge\build\cpp_server\atlas_dedicated_server.vcxproj]
  (compiling source file '../../cpp_server/src/game_session_network.cpp')
  
C:\GIT PROJECTS\NovaForge\cpp_server\include\components\ship_components.h(722,39): error C2062: type 'unknown-type' unexpected [C:\GIT PROJECTS\NovaForge\build\cpp_server\atlas_dedicated_server.vcxproj]
  (compiling source file '../../cpp_server/src/game_session_network.cpp')
  
C:\GIT PROJECTS\NovaForge\cpp_server\include\components\ship_components.h(722,57): error C2059: syntax error: ')' [C:\GIT PROJECTS\NovaForge\build\cpp_server\atlas_dedicated_server.vcxproj]
  (compiling source file '../../cpp_server/src/game_session_network.cpp')
  
  game_session_entities.cpp
  Generating Code...
C:\GIT PROJECTS\NovaForge\cpp_server\include\components\ship_components.h(722,44): error C2589: '(': illegal token on right side of '::' [C:\GIT PROJECTS\NovaForge\build\cpp_server\atlas_dedicated_server.vcxproj]
  (compiling source file '../../cpp_server/src/game_session_entities.cpp')
  
C:\GIT PROJECTS\NovaForge\cpp_server\include\components\ship_components.h(722,39): error C2062: type 'unknown-type' unexpected [C:\GIT PROJECTS\NovaForge\build\cpp_server\atlas_dedicated_server.vcxproj]
  (compiling source file '../../cpp_server/src/game_session_entities.cpp')
  
C:\GIT PROJECTS\NovaForge\cpp_server\include\components\ship_components.h(722,57): error C2059: syntax error: ')' [C:\GIT PROJECTS\NovaForge\build\cpp_server\atlas_dedicated_server.vcxproj]
  (compiling source file '../../cpp_server/src/game_session_entities.cpp')
  
  game_session_combat.cpp
C:\GIT PROJECTS\NovaForge\cpp_server\include\components\ship_components.h(722,44): error C2589: '(': illegal token on right side of '::' [C:\GIT PROJECTS\NovaForge\build\cpp_server\atlas_dedicated_server.vcxproj]
  (compiling source file '../../cpp_server/src/game_session_combat.cpp')
  
C:\GIT PROJECTS\NovaForge\cpp_server\include\components\ship_components.h(722,39): error C2062: type 'unknown-type' unexpected [C:\GIT PROJECTS\NovaForge\build\cpp_server\atlas_dedicated_server.vcxproj]
  (compiling source file '../../cpp_server/src/game_session_combat.cpp')
  
C:\GIT PROJECTS\NovaForge\cpp_server\include\components\ship_components.h(722,57): error C2059: syntax error: ')' [C:\GIT PROJECTS\NovaForge\build\cpp_server\atlas_dedicated_server.vcxproj]
  (compiling source file '../../cpp_server/src/game_session_combat.cpp')
  
  game_session_network.cpp
  game_session_stations.cpp
C:\GIT PROJECTS\NovaForge\cpp_server\include\components\ship_components.h(722,44): error C2589: '(': illegal token on right side of '::' [C:\GIT PROJECTS\NovaForge\build\cpp_server\test_systems.vcxproj]
  (compiling source file '../../cpp_server/src/game_session_network.cpp')
  
C:\GIT PROJECTS\NovaForge\cpp_server\include\components\ship_components.h(722,39): error C2062: type 'unknown-type' unexpected [C:\GIT PROJECTS\NovaForge\build\cpp_server\test_systems.vcxproj]
  (compiling source file '../../cpp_server/src/game_session_network.cpp')
  
C:\GIT PROJECTS\NovaForge\cpp_server\include\components\ship_components.h(722,57): error C2059: syntax error: ')' [C:\GIT PROJECTS\NovaForge\build\cpp_server\test_systems.vcxproj]
  (compiling source file '../../cpp_server/src/game_session_network.cpp')
  
C:\GIT PROJECTS\NovaForge\cpp_server\include\components\ship_components.h(722,44): error C2589: '(': illegal token on right side of '::' [C:\GIT PROJECTS\NovaForge\build\cpp_server\atlas_dedicated_server.vcxproj]
  (compiling source file '../../cpp_server/src/game_session_stations.cpp')
  
C:\GIT PROJECTS\NovaForge\cpp_server\include\components\ship_components.h(722,39): error C2062: type 'unknown-type' unexpected [C:\GIT PROJECTS\NovaForge\build\cpp_server\atlas_dedicated_server.vcxproj]
  (compiling source file '../../cpp_server/src/game_session_stations.cpp')
  
C:\GIT PROJECTS\NovaForge\cpp_server\include\components\ship_components.h(722,57): error C2059: syntax error: ')' [C:\GIT PROJECTS\NovaForge\build\cpp_server\atlas_dedicated_server.vcxproj]
  (compiling source file '../../cpp_server/src/game_session_stations.cpp')
  
  game_session_entities.cpp
  game_session_scanning.cpp
C:\GIT PROJECTS\NovaForge\cpp_server\include\components\ship_components.h(722,44): error C2589: '(': illegal token on right side of '::' [C:\GIT PROJECTS\NovaForge\build\cpp_server\test_systems.vcxproj]
  (compiling source file '../../cpp_server/src/game_session_entities.cpp')
  
C:\GIT PROJECTS\NovaForge\cpp_server\include\components\ship_components.h(722,39): error C2062: type 'unknown-type' unexpected [C:\GIT PROJECTS\NovaForge\build\cpp_server\test_systems.vcxproj]
  (compiling source file '../../cpp_server/src/game_session_entities.cpp')
  
C:\GIT PROJECTS\NovaForge\cpp_server\include\components\ship_components.h(722,57): error C2059: syntax error: ')' [C:\GIT PROJECTS\NovaForge\build\cpp_server\test_systems.vcxproj]
  (compiling source file '../../cpp_server/src/game_session_entities.cpp')
  
C:\GIT PROJECTS\NovaForge\cpp_server\include\components\ship_components.h(722,44): error C2589: '(': illegal token on right side of '::' [C:\GIT PROJECTS\NovaForge\build\cpp_server\atlas_dedicated_server.vcxproj]
  (compiling source file '../../cpp_server/src/game_session_scanning.cpp')
  
C:\GIT PROJECTS\NovaForge\cpp_server\include\components\ship_components.h(722,39): error C2062: type 'unknown-type' unexpected [C:\GIT PROJECTS\NovaForge\build\cpp_server\atlas_dedicated_server.vcxproj]
  (compiling source file '../../cpp_server/src/game_session_scanning.cpp')
  
C:\GIT PROJECTS\NovaForge\cpp_server\include\components\ship_components.h(722,57): error C2059: syntax error: ')' [C:\GIT PROJECTS\NovaForge\build\cpp_server\atlas_dedicated_server.vcxproj]
  (compiling source file '../../cpp_server/src/game_session_scanning.cpp')
  
  game_session_combat.cpp
  game_session_missions.cpp
C:\GIT PROJECTS\NovaForge\cpp_server\include\components\ship_components.h(722,44): error C2589: '(': illegal token on right side of '::' [C:\GIT PROJECTS\NovaForge\build\cpp_server\test_systems.vcxproj]
  (compiling source file '../../cpp_server/src/game_session_combat.cpp')
  
C:\GIT PROJECTS\NovaForge\cpp_server\include\components\ship_components.h(722,39): error C2062: type 'unknown-type' unexpected [C:\GIT PROJECTS\NovaForge\build\cpp_server\test_systems.vcxproj]
  (compiling source file '../../cpp_server/src/game_session_combat.cpp')
  
C:\GIT PROJECTS\NovaForge\cpp_server\include\components\ship_components.h(722,57): error C2059: syntax error: ')' [C:\GIT PROJECTS\NovaForge\build\cpp_server\test_systems.vcxproj]
  (compiling source file '../../cpp_server/src/game_session_combat.cpp')
  
C:\GIT PROJECTS\NovaForge\cpp_server\include\components\ship_components.h(722,44): error C2589: '(': illegal token on right side of '::' [C:\GIT PROJECTS\NovaForge\build\cpp_server\atlas_dedicated_server.vcxproj]
  (compiling source file '../../cpp_server/src/game_session_missions.cpp')
  
C:\GIT PROJECTS\NovaForge\cpp_server\include\components\ship_components.h(722,39): error C2062: type 'unknown-type' unexpected [C:\GIT PROJECTS\NovaForge\build\cpp_server\atlas_dedicated_server.vcxproj]
  (compiling source file '../../cpp_server/src/game_session_missions.cpp')
  
C:\GIT PROJECTS\NovaForge\cpp_server\include\components\ship_components.h(722,57): error C2059: syntax error: ')' [C:\GIT PROJECTS\NovaForge\build\cpp_server\atlas_dedicated_server.vcxproj]
  (compiling source file '../../cpp_server/src/game_session_missions.cpp')
  
  game_session_stations.cpp
  Generating Code...
C:\GIT PROJECTS\NovaForge\cpp_server\include\components\ship_components.h(722,44): error C2589: '(': illegal token on right side of '::' [C:\GIT PROJECTS\NovaForge\build\cpp_server\test_systems.vcxproj]
  (compiling source file '../../cpp_server/src/game_session_stations.cpp')
  
C:\GIT PROJECTS\NovaForge\cpp_server\include\components\ship_components.h(722,39): error C2062: type 'unknown-type' unexpected [C:\GIT PROJECTS\NovaForge\build\cpp_server\test_systems.vcxproj]
  (compiling source file '../../cpp_server/src/game_session_stations.cpp')
  
C:\GIT PROJECTS\NovaForge\cpp_server\include\components\ship_components.h(722,57): error C2059: syntax error: ')' [C:\GIT PROJECTS\NovaForge\build\cpp_server\test_systems.vcxproj]
  (compiling source file '../../cpp_server/src/game_session_stations.cpp')
  
  game_session_scanning.cpp
C:\GIT PROJECTS\NovaForge\cpp_server\include\components\ship_components.h(722,44): error C2589: '(': illegal token on right side of '::' [C:\GIT PROJECTS\NovaForge\build\cpp_server\test_systems.vcxproj]
  (compiling source file '../../cpp_server/src/game_session_scanning.cpp')
  
C:\GIT PROJECTS\NovaForge\cpp_server\include\components\ship_components.h(722,39): error C2062: type 'unknown-type' unexpected [C:\GIT PROJECTS\NovaForge\build\cpp_server\test_systems.vcxproj]
  (compiling source file '../../cpp_server/src/game_session_scanning.cpp')
  
C:\GIT PROJECTS\NovaForge\cpp_server\include\components\ship_components.h(722,57): error C2059: syntax error: ')' [C:\GIT PROJECTS\NovaForge\build\cpp_server\test_systems.vcxproj]
  (compiling source file '../../cpp_server/src/game_session_scanning.cpp')
  
  game_session_missions.cpp
C:\GIT PROJECTS\NovaForge\cpp_server\include\components\ship_components.h(722,44): error C2589: '(': illegal token on right side of '::' [C:\GIT PROJECTS\NovaForge\build\cpp_server\test_systems.vcxproj]
  (compiling source file '../../cpp_server/src/game_session_missions.cpp')
  
C:\GIT PROJECTS\NovaForge\cpp_server\include\components\ship_components.h(722,39): error C2062: type 'unknown-type' unexpected [C:\GIT PROJECTS\NovaForge\build\cpp_server\test_systems.vcxproj]
  (compiling source file '../../cpp_server/src/game_session_missions.cpp')
  
C:\GIT PROJECTS\NovaForge\cpp_server\include\components\ship_components.h(722,57): error C2059: syntax error: ')' [C:\GIT PROJECTS\NovaForge\build\cpp_server\test_systems.vcxproj]
  (compiling source file '../../cpp_server/src/game_session_missions.cpp')
  
  module_system.cpp
  inventory_system.cpp
  loot_system.cpp
  insurance_system.cpp
  captain_personality_system.cpp
  corporation_system.cpp
  bounty_system.cpp
  market_system.cpp
  drone_system.cpp
  AtlasTests.vcxproj -> C:\GIT PROJECTS\NovaForge\build\bin\Release\AtlasTests.exe
  contract_system.cpp
  pi_system.cpp
  manufacturing_system.cpp
  research_system.cpp
  Generating Code...
C:\GIT PROJECTS\NovaForge\cpp_server\test_systems.cpp : fatal  error C1128: number of sections exceeded object file format limit: compile with /bigobj [C:\GIT PROJECTS\NovaForge\build\cpp_server\test_systems.vcxproj]
